Log file open, 07/17/18 13:50:00
LogWindows: Failed to load 'aqProf.dll' (GetLastError=126)
LogWindows: File 'aqProf.dll' does not exist
LogWindows: Failed to load 'VtuneApi.dll' (GetLastError=126)
LogWindows: File 'VtuneApi.dll' does not exist
LogWindows: Failed to load 'VtuneApi32e.dll' (GetLastError=126)
LogWindows: File 'VtuneApi32e.dll' does not exist
LogInit: Display: Running engine for game: ManDown
LogPlatformFile: Not using cached read wrapper
LogInit: Display: RandInit(-300444063) SRandInit(-300444063).
LogInit: Read version file with build ID '3944462'
LogInit: Overriding engine version to CL 3989454, compatible CL 3944462
LogInit: Registered custom module enumerator with build ID '3944462'
LogTaskGraph: Started task graph with 5 named threads and 23 total threads with 3 sets of task threads.
LogStats: Stats thread started at 0.327174
LogD3D11RHI: Aftermath initialized
LogICUInternationalization: Display: ICU TimeZone Detection - Raw Offset: -6:00, Platform Override: ''
LogModuleManager: Display: Found up-to-date module file ../../../Engine/Plugins/2D/Paper2D/Binaries/Win64/UE4Editor-Paper2D.dll (API version 3944462).
LogModuleManager: Display: Found up-to-date module file ../../../Engine/Plugins/2D/Paper2D/Binaries/Win64/UE4Editor-Paper2DEditor.dll (API version 3944462).
LogModuleManager: Display: Found up-to-date module file ../../../Engine/Plugins/2D/Paper2D/Binaries/Win64/UE4Editor-PaperSpriteSheetImporter.dll (API version 3944462).
LogModuleManager: Display: Found up-to-date module file ../../../Engine/Plugins/2D/Paper2D/Binaries/Win64/UE4Editor-PaperTiledImporter.dll (API version 3944462).
LogModuleManager: Display: Found up-to-date module file ../../../Engine/Plugins/2D/Paper2D/Binaries/Win64/UE4Editor-SmartSnapping.dll (API version 3944462).
LogModuleManager: Display: Found up-to-date module file ../../../Engine/Plugins/Blendables/LightPropagationVolume/Binaries/Win64/UE4Editor-LightPropagationVolumeRuntime.dll (API version 3944462).
LogModuleManager: Display: Found up-to-date module file ../../../Engine/Plugins/Blendables/LightPropagationVolume/Binaries/Win64/UE4Editor-LightPropagationVolumeEditor.dll (API version 3944462).
LogModuleManager: Display: Found up-to-date module file ../../../Engine/Plugins/Developer/CLionSourceCodeAccess/Binaries/Win64/UE4Editor-CLionSourceCodeAccess.dll (API version 3944462).
LogModuleManager: Display: Found up-to-date module file ../../../Engine/Plugins/Developer/GitSourceControl/Binaries/Win64/UE4Editor-GitSourceControl.dll (API version 3944462).
LogModuleManager: Display: Found up-to-date module file ../../../Engine/Plugins/Developer/PerforceSourceControl/Binaries/Win64/UE4Editor-PerforceSourceControl.dll (API version 3944462).
LogModuleManager: Display: Found up-to-date module file ../../../Engine/Plugins/Developer/SubversionSourceControl/Binaries/Win64/UE4Editor-SubversionSourceControl.dll (API version 3944462).
LogModuleManager: Display: Found up-to-date module file ../../../Engine/Plugins/Developer/UObjectPlugin/Binaries/Win64/UE4Editor-UObjectPlugin.dll (API version 3944462).
LogModuleManager: Display: Found up-to-date module file ../../../Engine/Plugins/Developer/VisualStudioCodeSourceCodeAccess/Binaries/Win64/UE4Editor-VisualStudioCodeSourceCodeAccess.dll (API version 3944462).
LogModuleManager: Display: Found up-to-date module file ../../../Engine/Plugins/Developer/VisualStudioSourceCodeAccess/Binaries/Win64/UE4Editor-VisualStudioSourceCodeAccess.dll (API version 3944462).
LogModuleManager: Display: Found up-to-date module file ../../../Engine/Plugins/Editor/AssetManagerEditor/Binaries/Win64/UE4Editor-AssetManagerEditor.dll (API version 3944462).
LogModuleManager: Display: Found up-to-date module file ../../../Engine/Plugins/Editor/CryptoKeys/Binaries/Win64/UE4Editor-CryptoKeys.dll (API version 3944462).
LogModuleManager: Display: Found up-to-date module file ../../../Engine/Plugins/Editor/CryptoKeys/Binaries/Win64/UE4Editor-CryptoKeysOpenSSL.dll (API version 3944462).
LogModuleManager: Display: Found up-to-date module file ../../../Engine/Plugins/Editor/DataValidation/Binaries/Win64/UE4Editor-DataValidation.dll (API version 3944462).
LogModuleManager: Display: Found up-to-date module file ../../../Engine/Plugins/Editor/FacialAnimation/Binaries/Win64/UE4Editor-FacialAnimation.dll (API version 3944462).
LogModuleManager: Display: Found up-to-date module file ../../../Engine/Plugins/Editor/FacialAnimation/Binaries/Win64/UE4Editor-FacialAnimationEditor.dll (API version 3944462).
LogModuleManager: Display: Found up-to-date module file ../../../Engine/Plugins/Editor/GameplayTagsEditor/Binaries/Win64/UE4Editor-GameplayTagsEditor.dll (API version 3944462).
LogModuleManager: Display: Found up-to-date module file ../../../Engine/Plugins/Editor/MobileLauncherProfileWizard/Binaries/Win64/UE4Editor-MobileLauncherProfileWizard.dll (API version 3944462).
LogModuleManager: Display: Found up-to-date module file ../../../Engine/Plugins/Editor/PluginBrowser/Binaries/Win64/UE4Editor-PluginBrowser.dll (API version 3944462).
LogModuleManager: Display: Found up-to-date module file ../../../Engine/Plugins/Editor/SpeedTreeImporter/Binaries/Win64/UE4Editor-SpeedTreeImporter.dll (API version 3944462).
LogModuleManager: Display: Found up-to-date module file ../../../Engine/Plugins/Enterprise/DatasmithContent/Binaries/Win64/UE4Editor-DatasmithContent.dll (API version 3944462).
LogModuleManager: Display: Found up-to-date module file ../../../Engine/Plugins/Experimental/AlembicImporter/Binaries/Win64/UE4Editor-AlembicImporter.dll (API version 3944462).
LogModuleManager: Display: Found up-to-date module file ../../../Engine/Plugins/Experimental/AlembicImporter/Binaries/Win64/UE4Editor-AlembicLibrary.dll (API version 3944462).
LogModuleManager: Display: Found up-to-date module file ../../../Engine/Plugins/Experimental/CharacterAI/Binaries/Win64/UE4Editor-CharacterAI.dll (API version 3944462).
LogModuleManager: Display: Found up-to-date module file ../../../Engine/Plugins/Experimental/HTML5Networking/Binaries/Win64/UE4Editor-HTML5Networking.dll (API version 3944462).
LogModuleManager: Display: Found up-to-date module file ../../../Engine/Plugins/Media/AndroidMedia/Binaries/Win64/UE4Editor-AndroidMediaEditor.dll (API version 3944462).
LogModuleManager: Display: Found up-to-date module file ../../../Engine/Plugins/Media/AndroidMedia/Binaries/Win64/UE4Editor-AndroidMediaFactory.dll (API version 3944462).
LogModuleManager: Display: Found up-to-date module file ../../../Engine/Plugins/Media/AvfMedia/Binaries/Win64/UE4Editor-AvfMediaEditor.dll (API version 3944462).
LogModuleManager: Display: Found up-to-date module file ../../../Engine/Plugins/Media/AvfMedia/Binaries/Win64/UE4Editor-AvfMediaFactory.dll (API version 3944462).
LogModuleManager: Display: Found up-to-date module file ../../../Engine/Plugins/Media/AvfMedia/Binaries/Win64/UE4Editor-AvfMediaFactory.dll (API version 3944462).
LogModuleManager: Display: Found up-to-date module file ../../../Engine/Plugins/Media/ImgMedia/Binaries/Win64/UE4Editor-ImgMedia.dll (API version 3944462).
LogModuleManager: Display: Found up-to-date module file ../../../Engine/Plugins/Media/ImgMedia/Binaries/Win64/UE4Editor-ImgMediaEditor.dll (API version 3944462).
LogModuleManager: Display: Found up-to-date module file ../../../Engine/Plugins/Media/ImgMedia/Binaries/Win64/UE4Editor-ImgMediaFactory.dll (API version 3944462).
LogModuleManager: Display: Found up-to-date module file ../../../Engine/Plugins/Media/ImgMedia/Binaries/Win64/UE4Editor-ImgMediaFactory.dll (API version 3944462).
LogModuleManager: Display: Found up-to-date module file ../../../Engine/Plugins/Media/ImgMedia/Binaries/Win64/UE4Editor-OpenExrWrapper.dll (API version 3944462).
LogModuleManager: Display: Found up-to-date module file ../../../Engine/Plugins/Media/LinearTimecode/Binaries/Win64/UE4Editor-LinearTimecode.dll (API version 3944462).
LogModuleManager: Display: Found up-to-date module file ../../../Engine/Plugins/Media/MediaCompositing/Binaries/Win64/UE4Editor-MediaCompositing.dll (API version 3944462).
LogModuleManager: Display: Found up-to-date module file ../../../Engine/Plugins/Media/MediaCompositing/Binaries/Win64/UE4Editor-MediaCompositingEditor.dll (API version 3944462).
LogModuleManager: Display: Found up-to-date module file ../../../Engine/Plugins/Media/MediaPlayerEditor/Binaries/Win64/UE4Editor-MediaPlayerEditor.dll (API version 3944462).
LogModuleManager: Display: Found up-to-date module file ../../../Engine/Plugins/Media/WmfMedia/Binaries/Win64/UE4Editor-WmfMedia.dll (API version 3944462).
LogModuleManager: Display: Found up-to-date module file ../../../Engine/Plugins/Media/WmfMedia/Binaries/Win64/UE4Editor-WmfMediaEditor.dll (API version 3944462).
LogModuleManager: Display: Found up-to-date module file ../../../Engine/Plugins/Media/WmfMedia/Binaries/Win64/UE4Editor-WmfMediaFactory.dll (API version 3944462).
LogModuleManager: Display: Found up-to-date module file ../../../Engine/Plugins/Media/WmfMedia/Binaries/Win64/UE4Editor-WmfMediaFactory.dll (API version 3944462).
LogModuleManager: Display: Found up-to-date module file ../../../Engine/Plugins/Messaging/TcpMessaging/Binaries/Win64/UE4Editor-TcpMessaging.dll (API version 3944462).
LogModuleManager: Display: Found up-to-date module file ../../../Engine/Plugins/Messaging/UdpMessaging/Binaries/Win64/UE4Editor-UdpMessaging.dll (API version 3944462).
LogModuleManager: Display: Found up-to-date module file ../../../Engine/Plugins/MovieScene/ActorSequence/Binaries/Win64/UE4Editor-ActorSequence.dll (API version 3944462).
LogModuleManager: Display: Found up-to-date module file ../../../Engine/Plugins/MovieScene/LevelSequenceEditor/Binaries/Win64/UE4Editor-LevelSequenceEditor.dll (API version 3944462).
LogModuleManager: Display: Found up-to-date module file ../../../Engine/Plugins/MovieScene/MatineeToLevelSequence/Binaries/Win64/UE4Editor-MatineeToLevelSequence.dll (API version 3944462).
LogModuleManager: Display: Found up-to-date module file ../../../Engine/Plugins/NetcodeUnitTest/NetcodeUnitTest/Binaries/Win64/UE4Editor-NetcodeUnitTest.dll (API version 3944462).
LogModuleManager: Display: Found up-to-date module file ../../../Engine/Plugins/NetcodeUnitTest/NUTUnrealEngine4/Binaries/Win64/UE4Editor-NUTUnrealEngine4.dll (API version 3944462).
LogModuleManager: Display: Found up-to-date module file ../../../Engine/Plugins/Online/OnlineSubsystem/Binaries/Win64/UE4Editor-OnlineSubsystem.dll (API version 3944462).
LogModuleManager: Display: Found up-to-date module file ../../../Engine/Plugins/Runtime/AndroidPermission/Binaries/Win64/UE4Editor-AndroidPermission.dll (API version 3944462).
LogModuleManager: Display: Found up-to-date module file ../../../Engine/Plugins/Online/OnlineSubsystemNull/Binaries/Win64/UE4Editor-OnlineSubsystemNull.dll (API version 3944462).
LogModuleManager: Display: Found up-to-date module file ../../../Engine/Plugins/Online/OnlineSubsystemUtils/Binaries/Win64/UE4Editor-OnlineSubsystemUtils.dll (API version 3944462).
LogModuleManager: Display: Found up-to-date module file ../../../Engine/Plugins/Online/OnlineSubsystemUtils/Binaries/Win64/UE4Editor-OnlineBlueprintSupport.dll (API version 3944462).
LogModuleManager: Display: Found up-to-date module file ../../../Engine/Plugins/Runtime/AndroidDeviceProfileSelector/Binaries/Win64/UE4Editor-AndroidDeviceProfileSelector.dll (API version 3944462).
LogModuleManager: Display: Found up-to-date module file ../../../Engine/Plugins/Runtime/AppleARKit/Binaries/Win64/UE4Editor-AppleARKit.dll (API version 3944462).
LogModuleManager: Display: Found up-to-date module file ../../../Engine/Plugins/Runtime/ProceduralMeshComponent/Binaries/Win64/UE4Editor-ProceduralMeshComponent.dll (API version 3944462).
LogModuleManager: Display: Found up-to-date module file ../../../Engine/Plugins/Runtime/ProceduralMeshComponent/Binaries/Win64/UE4Editor-ProceduralMeshComponentEditor.dll (API version 3944462).
LogModuleManager: Display: Found up-to-date module file ../../../Engine/Plugins/Animation/LiveLink/Binaries/Win64/UE4Editor-LiveLink.dll (API version 3944462).
LogModuleManager: Display: Found up-to-date module file ../../../Engine/Plugins/Animation/LiveLink/Binaries/Win64/UE4Editor-LiveLinkEditor.dll (API version 3944462).
LogModuleManager: Display: Found up-to-date module file ../../../Engine/Plugins/Runtime/ArchVisCharacter/Binaries/Win64/UE4Editor-ArchVisCharacter.dll (API version 3944462).
LogModuleManager: Display: Found up-to-date module file ../../../Engine/Plugins/Runtime/AudioCapture/Binaries/Win64/UE4Editor-AudioCapture.dll (API version 3944462).
LogModuleManager: Display: Found up-to-date module file ../../../Engine/Plugins/Runtime/AudioCapture/Binaries/Win64/UE4Editor-AudioCaptureEditor.dll (API version 3944462).
LogModuleManager: Display: Found up-to-date module file ../../../Engine/Plugins/Runtime/CableComponent/Binaries/Win64/UE4Editor-CableComponent.dll (API version 3944462).
LogModuleManager: Display: Found up-to-date module file ../../../Engine/Plugins/Runtime/CustomMeshComponent/Binaries/Win64/UE4Editor-CustomMeshComponent.dll (API version 3944462).
LogModuleManager: Display: Found up-to-date module file ../../../Engine/Plugins/Runtime/ExampleDeviceProfileSelector/Binaries/Win64/UE4Editor-ExampleDeviceProfileSelector.dll (API version 3944462).
LogModuleManager: Display: Found up-to-date module file ../../../Engine/Plugins/Runtime/ImmediatePhysics/Binaries/Win64/UE4Editor-ImmediatePhysics.dll (API version 3944462).
LogModuleManager: Display: Found up-to-date module file ../../../Engine/Plugins/Runtime/ImmediatePhysics/Binaries/Win64/UE4Editor-ImmediatePhysicsEditor.dll (API version 3944462).
LogModuleManager: Display: Found up-to-date module file ../../../Engine/Plugins/Runtime/LocationServicesBPLibrary/Binaries/Win64/UE4Editor-LocationServicesBPLibrary.dll (API version 3944462).
LogModuleManager: Display: Found up-to-date module file ../../../Engine/Plugins/Runtime/MobilePatchingUtils/Binaries/Win64/UE4Editor-MobilePatchingUtils.dll (API version 3944462).
LogModuleManager: Display: Found up-to-date module file ../../../Engine/Plugins/Runtime/Oculus/OculusVR/Binaries/Win64/UE4Editor-OculusHMD.dll (API version 3944462).
LogModuleManager: Display: Found up-to-date module file ../../../Engine/Plugins/Runtime/Oculus/OculusVR/Binaries/Win64/UE4Editor-OculusInput.dll (API version 3944462).
LogModuleManager: Display: Found up-to-date module file ../../../Engine/Plugins/Runtime/Oculus/OculusVR/Binaries/Win64/UE4Editor-OculusEditor.dll (API version 3944462).
LogModuleManager: Display: Found up-to-date module file ../../../Engine/Plugins/Runtime/PhysXVehicles/Binaries/Win64/UE4Editor-PhysXVehicles.dll (API version 3944462).
LogModuleManager: Display: Found up-to-date module file ../../../Engine/Plugins/Runtime/PhysXVehicles/Binaries/Win64/UE4Editor-PhysXVehiclesEditor.dll (API version 3944462).
LogModuleManager: Display: Found up-to-date module file ../../../Engine/Plugins/Runtime/RuntimePhysXCooking/Binaries/Win64/UE4Editor-RuntimePhysXCooking.dll (API version 3944462).
LogModuleManager: Display: Found up-to-date module file ../../../Engine/Plugins/Runtime/Steam/SteamVR/Binaries/Win64/UE4Editor-SteamVR.dll (API version 3944462).
LogModuleManager: Display: Found up-to-date module file ../../../Engine/Plugins/Runtime/Steam/SteamVR/Binaries/Win64/UE4Editor-SteamVRController.dll (API version 3944462).
LogModuleManager: Display: Found up-to-date module file ../../../Engine/Plugins/Runtime/WindowsMoviePlayer/Binaries/Win64/UE4Editor-WindowsMoviePlayer.dll (API version 3944462).
LogPluginManager: Mounting plugin Paper2D
LogPluginManager: Mounting plugin LiveLink
LogPluginManager: Mounting plugin LightPropagationVolume
LogPluginManager: Mounting plugin CLionSourceCodeAccess
LogPluginManager: Mounting plugin CodeLiteSourceCodeAccess
LogPluginManager: Mounting plugin GitSourceControl
LogPluginManager: Mounting plugin KDevelopSourceCodeAccess
LogPluginManager: Mounting plugin NullSourceCodeAccess
LogPluginManager: Mounting plugin PerforceSourceControl
LogPluginManager: Mounting plugin SubversionSourceControl
LogPluginManager: Mounting plugin UObjectPlugin
LogPluginManager: Mounting plugin VisualStudioCodeSourceCodeAccess
LogPluginManager: Mounting plugin VisualStudioSourceCodeAccess
LogPluginManager: Mounting plugin XCodeSourceCodeAccess
LogPluginManager: Mounting plugin AssetManagerEditor
LogPluginManager: Mounting plugin CryptoKeys
LogPluginManager: Mounting plugin DataValidation
LogPluginManager: Mounting plugin FacialAnimation
LogPluginManager: Mounting plugin GameplayTagsEditor
LogPluginManager: Mounting plugin MobileLauncherProfileWizard
LogPluginManager: Mounting plugin PluginBrowser
LogPluginManager: Mounting plugin SpeedTreeImporter
LogPluginManager: Mounting plugin DatasmithContent
LogPluginManager: Mounting plugin AlembicImporter
LogPluginManager: Mounting plugin CharacterAI
LogPluginManager: Mounting plugin HTML5Networking
LogPluginManager: Mounting plugin AndroidMedia
LogPluginManager: Mounting plugin AvfMedia
LogPluginManager: Mounting plugin ImgMedia
LogPluginManager: Mounting plugin LinearTimecode
LogPluginManager: Mounting plugin MediaCompositing
LogPluginManager: Mounting plugin MediaPlayerEditor
LogPluginManager: Mounting plugin WmfMedia
LogPluginManager: Mounting plugin TcpMessaging
LogPluginManager: Mounting plugin UdpMessaging
LogPluginManager: Mounting plugin ActorSequence
LogPluginManager: Mounting plugin LevelSequenceEditor
LogPluginManager: Mounting plugin MatineeToLevelSequence
LogPluginManager: Mounting plugin NetcodeUnitTest
LogPluginManager: Mounting plugin NUTUnrealEngine4
LogPluginManager: Mounting plugin OnlineSubsystemGooglePlay
LogPluginManager: Mounting plugin OnlineSubsystemIOS
LogPluginManager: Mounting plugin OnlineSubsystem
LogPluginManager: Mounting plugin OnlineSubsystemNull
LogPluginManager: Mounting plugin OnlineSubsystemUtils
LogPluginManager: Mounting plugin AndroidDeviceProfileSelector
LogPluginManager: Mounting plugin AndroidMoviePlayer
LogPluginManager: Mounting plugin AndroidPermission
LogPluginManager: Mounting plugin AppleARKit
LogPluginManager: Mounting plugin AppleMoviePlayer
LogPluginManager: Mounting plugin ArchVisCharacter
LogPluginManager: Mounting plugin AudioCapture
LogPluginManager: Mounting plugin CableComponent
LogPluginManager: Mounting plugin CustomMeshComponent
LogPluginManager: Mounting plugin ExampleDeviceProfileSelector
LogPluginManager: Mounting plugin GoogleCloudMessaging
LogPluginManager: Mounting plugin ImmediatePhysics
LogPluginManager: Mounting plugin IOSDeviceProfileSelector
LogPluginManager: Mounting plugin LinuxDeviceProfileSelector
LogPluginManager: Mounting plugin LocationServicesBPLibrary
LogPluginManager: Mounting plugin MobilePatchingUtils
LogPluginManager: Mounting plugin OculusVR
LogPluginManager: Plugin shader directory ../../../Engine/Plugins/Runtime/Oculus/OculusVR/Shaders found
LogPluginManager: Mapping shader source directory ../../../Engine/Plugins/Runtime/Oculus/OculusVR/Shaders to virtual directory /Plugin/OculusVR
LogPluginManager: Mounting plugin PhysXVehicles
LogPluginManager: Mounting plugin ProceduralMeshComponent
LogPluginManager: Mounting plugin RuntimePhysXCooking
LogPluginManager: Mounting plugin SteamVR
LogPluginManager: Mounting plugin WindowsMoviePlayer
LogStreaming: Display: Took  2.302s to configure plugins.
LogInit: Using libcurl 7.47.1
LogInit:  - built for x86_64-pc-win32
LogInit:  - supports SSL with OpenSSL/1.0.2g
LogInit:  - supports HTTP deflate (compression) using libz 1.2.8
LogInit:  - other features:
LogInit:      CURL_VERSION_SSL
LogInit:      CURL_VERSION_LIBZ
LogInit:      CURL_VERSION_IPV6
LogInit:      CURL_VERSION_ASYNCHDNS
LogInit:      CURL_VERSION_LARGEFILE
LogInit:      CURL_VERSION_IDN
LogInit:  CurlRequestOptions (configurable via config and command line):
LogInit:  - bVerifyPeer = false  - Libcurl will NOT verify peer certificate
LogInit:  - bUseHttpProxy = false  - Libcurl will NOT use HTTP proxy
LogInit:  - bDontReuseConnections = false  - Libcurl will reuse connections
LogInit:  - CertBundlePath = nullptr  - Libcurl will use whatever was configured at build time.
LogInit:  - MaxHostConnections = 16  - Libcurl will limit the number of connections to a host
LogInit:  - LocalHostAddr = Default
LogInit: WinSock: version 1.1 (2.2), MaxSocks=32767, MaxUdp=65467
LogInit: WinSock: I am Camp-9VVG142 (129.59.56.54:0)
LogInit: Build: ++UE4+Release-4.19-CL-3989454
LogInit: Engine Version: 4.19.1-3989454+++UE4+Release-4.19
LogInit: Compatible Engine Version: 4.19.0-3944462+++UE4+Release-4.19
LogInit: Net CL: 3944462
LogDevObjectVersion: Number of dev versions registered: 18
LogDevObjectVersion:   Dev-Blueprints (B0D832E4-1F89-4F0D-ACCF-7EB736FD4AA2): 10
LogDevObjectVersion:   Dev-Build (E1C64328-A22C-4D53-A36C-8E866417BD8C): 0
LogDevObjectVersion:   Dev-Core (375EC13C-06E4-48FB-B500-84F0262A717E): 2
LogDevObjectVersion:   Dev-Editor (E4B068ED-F494-42E9-A231-DA0B2E46BB41): 23
LogDevObjectVersion:   Dev-Framework (CFFC743F-43B0-4480-9391-14DF171D2073): 33
LogDevObjectVersion:   Dev-Mobile (B02B49B5-BB20-44E9-A304-32B752E40360): 2
LogDevObjectVersion:   Dev-Networking (A4E4105C-59A1-49B5-A7C5-40C4547EDFEE): 0
LogDevObjectVersion:   Dev-Online (39C831C9-5AE6-47DC-9A44-9C173E1C8E7C): 0
LogDevObjectVersion:   Dev-Physics (78F01B33-EBEA-4F98-B9B4-84EACCB95AA2): 0
LogDevObjectVersion:   Dev-Platform (6631380F-2D4D-43E0-8009-CF276956A95A): 0
LogDevObjectVersion:   Dev-Rendering (12F88B9F-8875-4AFC-A67C-D90C383ABD29): 25
LogDevObjectVersion:   Dev-Sequencer (7B5AE74C-D270-4C10-A958-57980B212A5A): 6
LogDevObjectVersion:   Dev-VR (D7296918-1DD6-4BDD-9DE2-64A83CC13884): 1
LogDevObjectVersion:   Dev-LoadTimes (C2A15278-BFE7-4AFE-6C17-90FF531DF755): 1
LogDevObjectVersion:   Private-Geometry (6EACA3D4-40EC-4CC1-B786-8BED09428FC5): 2
LogDevObjectVersion:   Dev-AnimPhys (29E575DD-E0A3-4627-9D10-D276232CDCEA): 16
LogDevObjectVersion:   Dev-ReflectionCapture (6B266CEC-1EC7-4B8F-A30B-E4D90942FC07): 1
LogDevObjectVersion:   Dev-Automation (0DF73D61-A23F-47EA-B727-89E90C41499A): 1
LogInit: Compiled (64-bit): Apr  6 2018 12:26:04
LogInit: Compiled with Visual C++: 19.00.24215.01
LogInit: Build Configuration: Development
LogInit: Branch Name: ++UE4+Release-4.19
LogInit: Command Line:  
LogInit: Base Directory: C:/Program Files/Epic Games/UE_4.19/Engine/Binaries/Win64/
LogInit: Installed Engine Build: 1
LogStreaming: Display: Took  0.001s to delete old logs.
LogInit: Presizing for max 8388607 objects, including 0 objects not considered by GC, pre-allocating 0 bytes for permanent pool.
LogInit: Object subsystem initialized
[2018.07.17-18.50.03:592][  0]LogInit: Selected Device Profile: [Windows]
[2018.07.17-18.50.03:592][  0]LogInit: Applying CVar settings loaded from the selected device profile: [Windows]
[2018.07.17-18.50.03:612][  0]LogInit: Computer: CAMP-9VVG142
[2018.07.17-18.50.03:612][  0]LogInit: User: iDStudent
[2018.07.17-18.50.03:612][  0]LogInit: CPU Page size=4096, Cores=4
[2018.07.17-18.50.03:612][  0]LogInit: High frequency timer resolution =2.742193 MHz
[2018.07.17-18.50.03:612][  0]LogMemory: Memory total: Physical=15.9GB (16GB approx)
[2018.07.17-18.50.03:612][  0]LogMemory: Platform Memory Stats for Windows
[2018.07.17-18.50.03:612][  0]LogMemory: Process Physical Memory: 275.87 MB used, 275.87 MB peak
[2018.07.17-18.50.03:612][  0]LogMemory: Process Virtual Memory: 273.04 MB used, 273.04 MB peak
[2018.07.17-18.50.03:612][  0]LogMemory: Physical Memory: 3698.76 MB used,  12551.41 MB free, 16250.17 MB total
[2018.07.17-18.50.03:612][  0]LogMemory: Virtual Memory: 701.31 MB used,  12551.41 MB free, 134217728.00 MB total
[2018.07.17-18.50.04:481][  0]LogInit: Using OS detected language (en-US).
[2018.07.17-18.50.04:481][  0]LogInit: Using OS detected locale (en-US).
[2018.07.17-18.50.04:543][  0]LogTextLocalizationManager: No specific localization for 'en-US' exists, so the 'en' localization will be used.
[2018.07.17-18.50.05:052][  0]LogStreaming: Display: Took  0.570s to EndInitTextLocalization.
[2018.07.17-18.50.05:052][  0]LogInit: Setting process to per monitor DPI aware
[2018.07.17-18.50.05:133][  0]LogSlate: New Slate User Created.  User Index 0, Is Virtual User: 0
[2018.07.17-18.50.05:133][  0]LogSlate: Slate User Registered.  User Index 0, Is Virtual User: 0
[2018.07.17-18.50.07:433][  0]LogD3D11RHI: D3D11 adapters:
[2018.07.17-18.50.07:491][  0]LogD3D11RHI:    0. 'NVIDIA GeForce GTX 1050 Ti' (Feature Level 11_0)
[2018.07.17-18.50.07:491][  0]LogD3D11RHI:       4018/0/8125 MB DedicatedVideo/DedicatedSystem/SharedSystem, Outputs:1, VendorId:0x10de
[2018.07.17-18.50.07:501][  0]LogD3D11RHI:    1. 'Intel(R) HD Graphics 630' (Feature Level 11_0)
[2018.07.17-18.50.07:501][  0]LogD3D11RHI:       128/0/8125 MB DedicatedVideo/DedicatedSystem/SharedSystem, Outputs:0, VendorId:0x8086
[2018.07.17-18.50.07:503][  0]LogD3D11RHI:    2. 'Microsoft Basic Render Driver' (Feature Level 11_0)
[2018.07.17-18.50.07:503][  0]LogD3D11RHI:       0/0/8125 MB DedicatedVideo/DedicatedSystem/SharedSystem, Outputs:0, VendorId:0x1414
[2018.07.17-18.50.07:503][  0]LogD3D11RHI: Chosen D3D11 Adapter: 0
[2018.07.17-18.50.07:513][  0]LogD3D11RHI: Creating new Direct3DDevice
[2018.07.17-18.50.07:513][  0]LogD3D11RHI:     GPU DeviceId: 0x1c8c (for the marketing name, search the web for "GPU Device Id")
[2018.07.17-18.50.07:513][  0]LogWindows: EnumDisplayDevices:
[2018.07.17-18.50.07:513][  0]LogWindows:    0. 'Intel(R) HD Graphics 630' (P:1 D:1)
[2018.07.17-18.50.07:513][  0]LogWindows:    1. 'Intel(R) HD Graphics 630' (P:0 D:0)
[2018.07.17-18.50.07:513][  0]LogWindows:    2. 'Intel(R) HD Graphics 630' (P:0 D:0)
[2018.07.17-18.50.07:514][  0]LogWindows:    3. 'NVIDIA GeForce GTX 1050 Ti' (P:0 D:0)
[2018.07.17-18.50.07:514][  0]LogWindows: DebugString: GetVideoDriverDetailsInvalid PrimaryIsNotTheChoosenAdapter GetVideoDriverDetailsInvalid PrimaryIsNotTheChoosenAdapter GetVideoDriverDetailsInvalid PrimaryIsNotTheChoosenAdapter GetVideoDriverDetailsInvalid PrimaryIsNotTheChoosenAdapter FoundDriverCount:0 
[2018.07.17-18.50.07:514][  0]LogD3D11RHI:     Adapter Name: NVIDIA GeForce GTX 1050 Ti
[2018.07.17-18.50.07:514][  0]LogD3D11RHI:   Driver Version: Unknown (internal:Unknown, unified:Unknown)
[2018.07.17-18.50.07:514][  0]LogD3D11RHI:      Driver Date: Unknown
[2018.07.17-18.50.07:514][  0]LogRHI: Texture pool is 2812 MB (70% of 4018 MB)
[2018.07.17-18.50.07:549][  0]LogD3D11RHI: [Aftermath] Aftermath enabled and primed
[2018.07.17-18.50.07:549][  0]LogD3D11RHI: [Aftermath] Aftermath enabled and primed
[2018.07.17-18.50.07:549][  0]LogD3D11RHI: Async texture creation enabled
[2018.07.17-18.50.07:567][  0]LogD3D11RHI: GPU Timing Frequency: 1000.000000 (Debug: 2 2)
[2018.07.17-18.50.07:568][  0]LogShaderCompilers: Guid format shader working directory is -15 characters bigger than the processId version (../../../../../../Users/iD Student/Desktop/Henry P/ManDown/ManDown/Intermediate/Shaders/WorkingDirectory/1912/).
[2018.07.17-18.50.07:568][  0]LogShaderCompilers: Cleaned the shader compiler working directory 'C:/Users/iD Student/AppData/Local/Temp/UnrealShaderWorkingDir/D0ACAC5F488394F31CBF4FB7FBF0DDC7/'.
[2018.07.17-18.50.08:210][  0]LogTemp: Display: Loaded TP AllDesktopTargetPlatform
[2018.07.17-18.50.08:224][  0]LogTemp: Display: Loaded TP MacClientTargetPlatform
[2018.07.17-18.50.08:238][  0]LogTemp: Display: Loaded TP MacNoEditorTargetPlatform
[2018.07.17-18.50.08:253][  0]LogTemp: Display: Loaded TP MacServerTargetPlatform
[2018.07.17-18.50.08:273][  0]LogTemp: Display: Loaded TP MacTargetPlatform
[2018.07.17-18.50.08:286][  0]LogTemp: Display: Loaded TP WindowsClientTargetPlatform
[2018.07.17-18.50.08:300][  0]LogTemp: Display: Loaded TP WindowsNoEditorTargetPlatform
[2018.07.17-18.50.08:314][  0]LogTemp: Display: Loaded TP WindowsServerTargetPlatform
[2018.07.17-18.50.08:321][  0]LogTemp: Display: Loaded TP WindowsTargetPlatform
[2018.07.17-18.50.08:333][  0]LogTemp: Display: Loaded TP Android_ASTCTargetPlatform
[2018.07.17-18.50.08:345][  0]LogTemp: Display: Loaded TP Android_ATCTargetPlatform
[2018.07.17-18.50.08:358][  0]LogTemp: Display: Loaded TP Android_DXTTargetPlatform
[2018.07.17-18.50.08:369][  0]LogTemp: Display: Loaded TP Android_ETC1aTargetPlatform
[2018.07.17-18.50.08:383][  0]LogTemp: Display: Loaded TP Android_ETC1TargetPlatform
[2018.07.17-18.50.08:396][  0]LogTemp: Display: Loaded TP Android_ETC2TargetPlatform
[2018.07.17-18.50.08:420][  0]LogTemp: Display: Loaded TP Android_MultiTargetPlatform
[2018.07.17-18.50.08:420][  0]LogTemp: Display: Loaded TP Android_PVRTCTargetPlatform
[2018.07.17-18.50.08:441][  0]LogTemp: Display: Loaded TP AndroidTargetPlatform
[2018.07.17-18.50.08:442][  0]LogTemp: Display: Loaded TP HTML5TargetPlatform
[2018.07.17-18.50.08:508][  0]LogTemp: Display: Loaded TP IOSTargetPlatform
[2018.07.17-18.50.08:519][  0]LogTemp: Display: Loaded TP TVOSTargetPlatform
[2018.07.17-18.50.08:531][  0]LogTemp: Display: Loaded TP LinuxClientTargetPlatform
[2018.07.17-18.50.08:544][  0]LogTemp: Display: Loaded TP LinuxNoEditorTargetPlatform
[2018.07.17-18.50.08:556][  0]LogTemp: Display: Loaded TP LinuxServerTargetPlatform
[2018.07.17-18.50.08:574][  0]LogTemp: Display: Loaded TP LinuxTargetPlatform
[2018.07.17-18.50.08:574][  0]LogTargetPlatformManager: Display: Building Assets For Windows
[2018.07.17-18.50.08:926][  0]LogXGEController: Cleaning working directory: C:/Users/iD Student/AppData/Local/Temp/UnrealXGEWorkingDir/
[2018.07.17-18.50.08:926][  0]LogXGEController: Cannot use XGE Controller as Incredibuild is not installed on this machine.
[2018.07.17-18.50.08:926][  0]LogShaderCompilers: Cannot use XGE Shader Compiler as Incredibuild is not installed on this machine.
[2018.07.17-18.50.08:926][  0]LogShaderCompilers: Display: Using Local Shader Compiler.
[2018.07.17-18.50.10:365][  0]LogDerivedDataCache: Display: Max Cache Size: 512 MB
[2018.07.17-18.50.10:454][  0]LogDerivedDataCache: Loaded boot cache 0.09s 74MB C:/Users/iD Student/AppData/Local/UnrealEngine/4.19/DerivedDataCache/Boot.ddc.
[2018.07.17-18.50.10:455][  0]LogDerivedDataCache: Display: Loaded Boot cache: C:/Users/iD Student/AppData/Local/UnrealEngine/4.19/DerivedDataCache/Boot.ddc
[2018.07.17-18.50.10:455][  0]LogDerivedDataCache: FDerivedDataBackendGraph:  Pak pak cache file ../../../../../../Users/iD Student/Desktop/Henry P/ManDown/ManDown/DerivedDataCache/DDC.ddp not found, will not use a pak cache.
[2018.07.17-18.50.10:455][  0]LogDerivedDataCache: Unable to find inner node Pak for hierarchical cache Hierarchy.
[2018.07.17-18.50.10:455][  0]LogDerivedDataCache: FDerivedDataBackendGraph:  CompressedPak pak cache file ../../../../../../Users/iD Student/Desktop/Henry P/ManDown/ManDown/DerivedDataCache/Compressed.ddp not found, will not use a pak cache.
[2018.07.17-18.50.10:455][  0]LogDerivedDataCache: Unable to find inner node CompressedPak for hierarchical cache Hierarchy.
[2018.07.17-18.50.10:478][  0]LogDerivedDataCache: Display: Pak cache opened for reading ../../../Engine/DerivedDataCache/Compressed.ddp.
[2018.07.17-18.50.10:490][  0]LogDerivedDataCache: Using Local data cache path C:/Users/iD Student/AppData/Local/UnrealEngine/Common/DerivedDataCache: Writable
[2018.07.17-18.50.10:502][  0]LogMaterial: Verifying Global Shaders for PCD3D_SM5
[2018.07.17-18.50.10:502][  0]LogSlate: Using Freetype 2.6.0
[2018.07.17-18.50.10:524][  0]LogSlate: SlateFontCache - WITH_FREETYPE: 1, WITH_HARFBUZZ: 1
[2018.07.17-18.50.10:524][  0]LogSlate: SlateFontCache - WITH_FREETYPE: 1, WITH_HARFBUZZ: 1
[2018.07.17-18.50.12:862][  0]LogAssetRegistry: FAssetRegistry took 0.0282 seconds to start up
[2018.07.17-18.50.13:211][  0]LogInit: Selected Device Profile: [Windows]
[2018.07.17-18.50.13:431][  0]LogSimplygon: Simplygon DLL not present - disabling.
[2018.07.17-18.50.13:434][  0]LogMeshReduction: Using SimplygonSwarm for distributed automatic mesh merging
[2018.07.17-18.50.13:434][  0]LogMeshReduction: Using QuadricMeshReduction for automatic static mesh reduction
[2018.07.17-18.50.13:434][  0]LogMeshReduction: No automatic skeletal mesh reduction module available
[2018.07.17-18.50.13:434][  0]LogMeshReduction: No automatic mesh merging module available
[2018.07.17-18.50.13:434][  0]LogMeshMerging: No automatic mesh merging module available
[2018.07.17-18.50.13:467][  0]LogNetVersion: ManDown , NetCL: 3944462, EngineNetVer: 2, GameNetVer: 0 (Checksum: 3362565387)
[2018.07.17-18.50.14:014][  0]LogPackageLocalizationCache: Processed 9 localized package path(s) for 2 prioritized culture(s) in 0.110372 seconds
[2018.07.17-18.50.14:022][  0]LogUObjectArray: 36728 objects as part of root set at end of initial load.
[2018.07.17-18.50.14:022][  0]LogUObjectAllocator: 7314312 out of 0 bytes used by permanent object pool.
[2018.07.17-18.50.14:022][  0]LogUObjectArray: CloseDisregardForGC: 0/0 objects in disregard for GC pool
[2018.07.17-18.50.17:555][  0]LogTcpMessaging: Initializing TcpMessaging bridge
[2018.07.17-18.50.17:586][  0]LogUdpMessaging: Initializing bridge on interface 0.0.0.0:0 to multicast group 230.0.0.1:6666.
[2018.07.17-18.50.18:031][  0]SourceControl: Source control is disabled
[2018.07.17-18.50.18:031][  0]SourceControl: Source control is disabled
[2018.07.17-18.50.18:052][  0]SourceControl: Source control is disabled
[2018.07.17-18.50.18:071][  0]SourceControl: Source control is disabled
[2018.07.17-18.50.18:616][  0]LogAndroidPermission: UAndroidPermissionCallbackProxy::GetInstance
[2018.07.17-18.50.18:774][  0]LogOcInput: OculusInput pre-init called
[2018.07.17-18.50.18:897][  0]LogEngine: Initializing Engine...
[2018.07.17-18.50.18:898][  0]LogHMD: Failed to initialize OpenVR with code 110
[2018.07.17-18.50.18:899][  0]LogStats: UGameplayTagsManager::ConstructGameplayTagTree: Construct from data asset -  0.000 s
[2018.07.17-18.50.18:899][  0]LogStats: UGameplayTagsManager::ConstructGameplayTagTree: GameplayTagTreeChangedEvent.Broadcast -  0.000 s
[2018.07.17-18.50.19:177][  0]LogAIModule: Creating AISystem for world Untitled
[2018.07.17-18.50.19:192][  0]LogInit: XAudio2 using 'Speakers (USB Audio Device)' : 2 channels at 48 kHz using 16 bits per sample (channel mask 0x3)
[2018.07.17-18.50.19:203][  0]LogInit: FAudioDevice initialized.
[2018.07.17-18.50.19:275][  0]LogDerivedDataCache: Saved boot cache 0.07s 74MB C:/Users/iD Student/AppData/Local/UnrealEngine/4.19/DerivedDataCache/Boot.ddc.
[2018.07.17-18.50.19:291][  0]LogInit: Texture streaming: Enabled
[2018.07.17-18.50.19:310][  0]LogEngineSessionManager: EngineSessionManager initialized
[2018.07.17-18.50.19:328][  0]LogInit: Transaction tracking system initialized
[2018.07.17-18.50.19:355][  0]BlueprintLog: New page: Editor Load
[2018.07.17-18.50.19:447][  0]LocalizationService: Localization service is disabled
[2018.07.17-18.50.19:566][  0]LogConsoleResponse: Display: 
[2018.07.17-18.50.19:745][  0]LogCook: Display: Max memory allowance for cook 16384mb min free memory 0mb
[2018.07.17-18.50.19:746][  0]LogCook: Display: Mobile HDR setting 1
[2018.07.17-18.50.19:746][  0]LogGameplayTags: Display: UGameplayTagsManager::DoneAddingNativeTags. DelegateIsBound: 0
[2018.07.17-18.50.19:746][  0]LogStats: UGameplayTagsManager::ConstructGameplayTagTree: Construct from data asset -  0.000 s
[2018.07.17-18.50.19:746][  0]LogStats: UGameplayTagsManager::ConstructGameplayTagTree: GameplayTagTreeChangedEvent.Broadcast -  0.000 s
[2018.07.17-18.50.20:213][  0]LogFileCache: Scanning file cache for directory 'C:/Users/iD Student/Desktop/Henry P/ManDown/ManDown/Content/' took 0.04s
[2018.07.17-18.50.20:213][  0]SourceControl: Source control is disabled
[2018.07.17-18.50.20:213][  0]Cmd: MAP LOAD FILE="../../../../../../Users/iD Student/Desktop/Henry P/ManDown/ManDown/Content/FirstPersonBP/Maps/FirstPersonExampleMap.umap" TEMPLATE=0 SHOWPROGRESS=1 FEATURELEVEL=3
[2018.07.17-18.50.20:214][  0]LightingResults: New page: Lighting Build
[2018.07.17-18.50.20:216][  0]MapCheck: New page: Map Check
[2018.07.17-18.50.20:216][  0]LightingResults: New page: Lighting Build
[2018.07.17-18.50.20:493][  0]LogLinker: Warning: Can't find file '/Game/FirstPersonBP/Maps/FirstPersonExampleMap_BuiltData'
[2018.07.17-18.50.20:493][  0]LogLinker: Warning: Can't find file for asset '/Game/FirstPersonBP/Maps/FirstPersonExampleMap_BuiltData' while loading ../../../../../../Users/iD Student/Desktop/Henry P/ManDown/ManDown/Content/FirstPersonBP/Maps/FirstPersonExampleMap.umap.
[2018.07.17-18.50.20:493][  0]LoadErrors: Error: /Game/FirstPersonBP/Maps/FirstPersonExampleMap : Can't find file for asset. /Game/FirstPersonBP/Maps/FirstPersonExampleMap_BuiltData
[2018.07.17-18.50.20:498][  0]LogLinker: Warning: Can't find file '/Game/FirstPersonBP/Maps/FirstPersonExampleMap_BuiltData'
[2018.07.17-18.50.20:498][  0]LogLinker: Warning: Can't find file for asset '/Game/FirstPersonBP/Maps/FirstPersonExampleMap_BuiltData' while loading ../../../../../../Users/iD Student/Desktop/Henry P/ManDown/ManDown/Content/FirstPersonBP/Maps/FirstPersonExampleMap.umap.
[2018.07.17-18.50.20:498][  0]LoadErrors: Error: /Game/FirstPersonBP/Maps/FirstPersonExampleMap : Can't find file for asset. /Game/FirstPersonBP/Maps/FirstPersonExampleMap_BuiltData
[2018.07.17-18.50.20:502][  0]LogLinker: Warning: Can't find file '/Game/FirstPersonBP/Maps/FirstPersonExampleMap_BuiltData'
[2018.07.17-18.50.20:503][  0]LogLinker: Warning: Can't find file for asset '/Game/FirstPersonBP/Maps/FirstPersonExampleMap_BuiltData' while loading NULL.
[2018.07.17-18.50.20:503][  0]LogLinker: Warning: Can't find file '/Game/FirstPersonBP/Maps/FirstPersonExampleMap_BuiltData'
[2018.07.17-18.50.20:503][  0]LogLinker: Warning: Can't find file for asset '/Game/FirstPersonBP/Maps/FirstPersonExampleMap_BuiltData' while loading NULL.
[2018.07.17-18.50.20:513][  0]LogLinker: Warning: Can't find file '/Game/FirstPersonBP/Maps/FirstPersonExampleMap_BuiltData'
[2018.07.17-18.50.20:513][  0]LoadErrors: Failed to load /Game/FirstPersonBP/Maps/FirstPersonExampleMap_BuiltData.FirstPersonExampleMap_BuiltData Referenced by PersistentLevel
[2018.07.17-18.50.20:513][  0]LogLinker: Warning: Can't find file for asset '/Game/FirstPersonBP/Maps/FirstPersonExampleMap_BuiltData' while loading NULL.
[2018.07.17-18.50.20:513][  0]LoadErrors: Failed to load /Game/FirstPersonBP/Maps/FirstPersonExampleMap_BuiltData.FirstPersonExampleMap_BuiltData Referenced by PersistentLevel
[2018.07.17-18.50.20:709][  0]LogSkeletalMesh: Skeletal Mesh found in DDC [5.752695ms] /Game/FirstPerson/Meshes/Gun_Final.Gun_Final
[2018.07.17-18.50.20:720][  0]LogSkeletalMesh: Skeletal Mesh found in DDC [3.504494ms] /Game/FirstPerson/FPWeapon/Mesh/SK_FPGun.SK_FPGun
[2018.07.17-18.50.20:740][  0]LogSkeletalMesh: Skeletal Mesh found in DDC [6.575029ms] /Game/FirstPerson/Character/Mesh/SK_Mannequin_Arms.SK_Mannequin_Arms
[2018.07.17-18.50.20:781][  0]LogAIModule: Creating AISystem for world FirstPersonExampleMap
[2018.07.17-18.50.20:796][  0]LogEditorServer: Finished looking for orphan Actors (0.000 secs)
[2018.07.17-18.50.20:812][  0]Cmd: MAP CHECKDEP NOCLEARLOG
[2018.07.17-18.50.20:869][  0]MapCheck: Map check complete: 0 Error(s), 0 Warning(s), took 56.448ms to complete.
[2018.07.17-18.50.20:869][  0]LogFileHelpers: Loading map 'FirstPersonExampleMap' took 0.656
[2018.07.17-18.50.21:033][  0]LogCollectionManager: Loaded 0 collections in 0.001858 seconds
[2018.07.17-18.50.21:077][  0]LogFileCache: Scanning file cache for directory 'C:/Users/iD Student/Desktop/Henry P/ManDown/ManDown/Saved/Collections/' took 0.01s
[2018.07.17-18.50.21:077][  0]LogFileCache: Scanning file cache for directory 'C:/Users/iD Student/Desktop/Henry P/ManDown/ManDown/Content/Developers/iDStudent/Collections/' took 0.01s
[2018.07.17-18.50.21:077][  0]LogFileCache: Scanning file cache for directory 'C:/Users/iD Student/Desktop/Henry P/ManDown/ManDown/Content/Collections/' took 0.01s
[2018.07.17-18.50.21:077][  0]LogCollectionManager: Rebuilt the GUID cache for 0 collections in 0.000000 seconds
[2018.07.17-18.50.21:086][  0]LogContentBrowser: Native class hierarchy populated in 0.0089 seconds. Added 2452 classes and 558 folders.
[2018.07.17-18.50.21:094][  0]LogContentBrowser: Native class hierarchy updated for 'WidgetCarousel' in 0.0002 seconds. Added 0 classes and 0 folders.
[2018.07.17-18.50.21:435][  0]LogContentBrowser: Native class hierarchy updated for 'AddContentDialog' in 0.0003 seconds. Added 0 classes and 0 folders.
[2018.07.17-18.50.21:442][  0]LogContentBrowser: Native class hierarchy updated for 'SceneOutliner' in 0.0002 seconds. Added 1 classes and 2 folders.
[2018.07.17-18.50.21:472][  0]LogSlate: Took 0.006399 seconds to synchronously load lazily loaded font '../../../Engine/Content/Slate/Fonts/Roboto-Regular.ttf' (155K)
[2018.07.17-18.50.21:481][  0]LogSlate: Took 0.004890 seconds to synchronously load lazily loaded font '../../../Engine/Content/Slate/Fonts/Roboto-Bold.ttf' (160K)
[2018.07.17-18.50.21:495][  0]LogSlate: Took 0.005911 seconds to synchronously load lazily loaded font '../../../Engine/Content/Editor/Slate/Fonts/FontAwesome.ttf' (139K)
[2018.07.17-18.50.21:599][  0]LogRenderer: Reallocating scene render targets to support 964x468 Format 9 NumSamples 1 (Frame:1).
[2018.07.17-18.50.21:811][  0]LogContentBrowser: Native class hierarchy updated for 'HierarchicalLODOutliner' in 0.0002 seconds. Added 0 classes and 0 folders.
[2018.07.17-18.50.21:811][  0]LogLoad: (Engine Initialization) Total time: 23.08 seconds
[2018.07.17-18.50.21:811][  0]LogLoad: (Engine Initialization) Total Blueprint compile time: 0.00 seconds
[2018.07.17-18.50.22:182][  0]LogContentStreaming: Texture pool size now 800 MB
[2018.07.17-18.50.22:187][  0]LogSlate: FSceneViewport::OnFocusLost() reason 2
[2018.07.17-18.50.22:252][  0]LogSlate: Took 0.003790 seconds to synchronously load lazily loaded font '../../../Engine/Content/Slate/Fonts/Roboto-Light.ttf' (167K)
[2018.07.17-18.50.22:484][  1]LogFileCache: Retrieving MD5 hashes for directory 'C:/Users/iD Student/Desktop/Henry P/ManDown/ManDown/Content/' took 0.32s
[2018.07.17-18.50.23:165][  3]LogAssetRegistry: Asset discovery search completed in 10.3248 seconds
[2018.07.17-18.50.23:170][  3]LogCollectionManager: Rebuilt the object cache for 0 collections in 0.000000 seconds (found 0 objects)
[2018.07.17-18.50.23:170][  3]LogCollectionManager: Fixed up redirectors for 0 collections in 0.000058 seconds (updated 0 objects)
[2018.07.17-18.50.38:812][ 50]LogSlate: Window 'Message Log' being destroyed
[2018.07.17-18.50.38:815][ 50]LogSlate: Window 'Message Log' being destroyed
[2018.07.17-18.50.51:679][676]LogSlate: FSceneViewport::OnFocusLost() reason 2
[2018.07.17-18.50.52:355][735]LogSlate: FSceneViewport::OnFocusLost() reason 2
[2018.07.17-18.50.53:784][822]Cmd: MAP LOAD FILE="../../../../../../Users/iD Student/Desktop/Henry P/ManDown/ManDown/Content/FirstPersonBP/Maps/HenryP_CTFMap.umap" TEMPLATE=0 SHOWPROGRESS=1 FEATURELEVEL=3
[2018.07.17-18.50.53:790][822]LogSlate: Took 0.000841 seconds to synchronously load lazily loaded font '../../../Engine/Content/Slate/Fonts/Roboto-Light.ttf' (167K)
[2018.07.17-18.50.53:804][822]LightingResults: New page: Lighting Build
[2018.07.17-18.50.53:806][822]LoadErrors: New page: Loading map: HenryP_CTFMap.umap
[2018.07.17-18.50.53:811][822]MapCheck: New page: Map Check
[2018.07.17-18.50.53:811][822]LightingResults: New page: Lighting Build
[2018.07.17-18.50.53:988][822]LogAIModule: Creating AISystem for world HenryP_CTFMap
[2018.07.17-18.50.54:003][822]LogEditorServer: Finished looking for orphan Actors (0.000 secs)
[2018.07.17-18.50.54:050][822]Cmd: MAP CHECKDEP NOCLEARLOG
[2018.07.17-18.50.54:112][822]MapCheck: Map check complete: 0 Error(s), 0 Warning(s), took 61.593ms to complete.
[2018.07.17-18.50.54:112][822]LogFileHelpers: Loading map 'HenryP_CTFMap' took 0.328
[2018.07.17-18.50.54:114][822]LogSlate: Window 'Open Level' being destroyed
[2018.07.17-18.51.06:829][771]LogSlate: FSceneViewport::OnFocusLost() reason 0
[2018.07.17-18.51.06:983][783]LogActorFactory: Actor Factory created Cube
[2018.07.17-18.51.08:031][856]LogActorFactory: Actor Factory created Cube
[2018.07.17-18.51.14:967][326]LogSlate: FSceneViewport::OnFocusLost() reason 0
[2018.07.17-18.52.04:603][893]LogSlate: FSceneViewport::OnFocusLost() reason 0
[2018.07.17-18.52.13:255][476]LogSlate: FSceneViewport::OnFocusLost() reason 0
[2018.07.17-18.53.15:313][589]LogSlate: FSceneViewport::OnFocusLost() reason 0
[2018.07.17-18.53.15:405][597]LogTemp: Repeating last play command: Selected Viewport
[2018.07.17-18.53.15:427][597]LogPlayLevel: PlayLevel: No blueprints needed recompiling
[2018.07.17-18.53.15:427][597]PIE: New page: PIE session: HenryP_CTFMap (Jul 17, 2018, 8:53:15 AM)
[2018.07.17-18.53.15:427][597]LogPlayLevel: Creating play world package: /Game/FirstPersonBP/Maps/UEDPIE_0_HenryP_CTFMap
[2018.07.17-18.53.15:437][597]LogPlayLevel: PIE: StaticDuplicateObject took: (0.009337s)
[2018.07.17-18.53.15:438][597]LogAIModule: Creating AISystem for world HenryP_CTFMap
[2018.07.17-18.53.15:438][597]LogPlayLevel: PIE: World Init took: (0.001001s)
[2018.07.17-18.53.15:438][597]LogPlayLevel: PIE: Created PIE world by copying editor world from /Game/FirstPersonBP/Maps/HenryP_CTFMap.HenryP_CTFMap to /Game/FirstPersonBP/Maps/UEDPIE_0_HenryP_CTFMap.HenryP_CTFMap (0.010645s)
[2018.07.17-18.53.15:454][597]LogInit: XAudio2 using 'Speakers (USB Audio Device)' : 2 channels at 48 kHz using 16 bits per sample (channel mask 0x3)
[2018.07.17-18.53.15:463][597]LogInit: FAudioDevice initialized.
[2018.07.17-18.53.15:512][597]LogLoad: Game class is 'FirstPersonGameMode_C'
[2018.07.17-18.53.15:518][597]LogWorld: Bringing World /Game/FirstPersonBP/Maps/UEDPIE_0_HenryP_CTFMap.HenryP_CTFMap up for play (max tick rate 0) at 2018.07.17-13.53.15
[2018.07.17-18.53.15:518][597]LogWorld: Bringing up level for play took: 0.004167
[2018.07.17-18.53.15:522][597]LogContentBrowser: Native class hierarchy updated for 'MovieSceneCapture' in 0.0003 seconds. Added 11 classes and 0 folders.
[2018.07.17-18.53.15:524][597]PIE: Play in editor start time for /Game/FirstPersonBP/Maps/UEDPIE_0_HenryP_CTFMap -0.462
[2018.07.17-18.53.40:488][779]LogEditorViewport: Clicking on Actor (LMB): StaticMeshActor (SM_StairRailing)
[2018.07.17-18.53.41:729][868]Cmd: DELETE
[2018.07.17-18.53.41:729][868]Cmd: ACTOR DELETE
[2018.07.17-18.53.41:734][868]LogEditorActor: Deleted Actor: StaticMeshActor
[2018.07.17-18.53.41:754][868]LogEditorActor: Deleted 1 Actors (0.024 secs)
[2018.07.17-18.53.45:299][181]LogSlate: FSceneViewport::OnFocusLost() reason 2
[2018.07.17-18.53.45:455][181]LogSavePackage: Save=107.11ms
[2018.07.17-18.53.45:455][181]LogSavePackage: Moving '../../../../../../Users/iD Student/Desktop/Henry P/ManDown/ManDown/Saved/HenryP_CTFMap80489CF946073506A1B4548CCFD8EEB0.tmp' to '../../../../../../Users/iD Student/Desktop/Henry P/ManDown/ManDown/Content/FirstPersonBP/Maps/HenryP_CTFMap.umap'
[2018.07.17-18.53.45:464][181]LogSavePackage: Display: Finished SavePackage ../../../../../../Users/iD Student/Desktop/Henry P/ManDown/ManDown/Content/FirstPersonBP/Maps/HenryP_CTFMap.umap
[2018.07.17-18.53.45:531][181]LogSavePackage: Save=20.04ms
[2018.07.17-18.53.45:531][181]LogSavePackage: Moving '../../../../../../Users/iD Student/Desktop/Henry P/ManDown/ManDown/Saved/HenryP_CTFMap_BuiltDataBAFE81DA45C3F4FEC174629CFDB5E009.tmp' to '../../../../../../Users/iD Student/Desktop/Henry P/ManDown/ManDown/Content/FirstPersonBP/Maps/HenryP_CTFMap_BuiltData.uasset'
[2018.07.17-18.53.45:533][181]LogSavePackage: Display: Finished SavePackage ../../../../../../Users/iD Student/Desktop/Henry P/ManDown/ManDown/Content/FirstPersonBP/Maps/HenryP_CTFMap_BuiltData.uasset
[2018.07.17-18.53.56:746][505]LogSlate: FSceneViewport::OnFocusLost() reason 2
[2018.07.17-18.54.06:826][965]LogSlate: FSceneViewport::OnFocusLost() reason 2
[2018.07.17-18.56.45:737][609]LogSlate: FSceneViewport::OnFocusLost() reason 0
[2018.07.17-18.56.46:008][627]LogActorFactory: Actor Factory created TemplateFloor
[2018.07.17-18.56.47:291][730]LogActorFactory: Actor Factory created TemplateFloor
[2018.07.17-18.56.47:884][780]LogActorFactory: Actor Factory created TemplateFloor
[2018.07.17-18.57.00:087][605]LogSlate: FSceneViewport::OnFocusLost() reason 0
[2018.07.17-18.57.01:831][702]LogSlate: FSceneViewport::OnFocusLost() reason 0
[2018.07.17-18.57.17:150][182]LogEditorViewport: Clicking on Actor (LMB): StaticMeshActor (1M_Cube)
[2018.07.17-18.57.21:037][533]LogEditorViewport: Clicking on Actor (LMB): StaticMeshActor (TemplateFloor)
[2018.07.17-18.57.40:820][563]LogSlate: FSceneViewport::OnFocusLost() reason 0
[2018.07.17-18.57.41:778][610]LogSlate: FSceneViewport::OnFocusLost() reason 0
[2018.07.17-18.58.08:124][671]LogSlate: FSceneViewport::OnFocusLost() reason 2
[2018.07.17-18.58.24:044][784]Cmd: TRANSACTION UNDO
[2018.07.17-18.58.24:044][784]LogEditorTransaction: Undo Move Actors
[2018.07.17-18.58.28:014][999]LogEditorViewport: Clicking Background
[2018.07.17-18.58.35:360][521]LogEditorViewport: Clicking on Actor (LMB): StaticMeshActor (Floor43)
[2018.07.17-18.59.27:891][242]LogSlate: FSceneViewport::OnFocusLost() reason 0
[2018.07.17-18.59.31:914][523]Cmd: TRANSACTION UNDO
[2018.07.17-18.59.31:914][523]LogEditorTransaction: Undo Rotate Actors
[2018.07.17-18.59.32:607][564]LogSlate: FSceneViewport::OnFocusLost() reason 0
[2018.07.17-19.00.36:120][877]LogSlate: FSceneViewport::OnFocusLost() reason 2
[2018.07.17-19.00.42:059][269]Cmd: DELETE
[2018.07.17-19.00.42:059][269]Cmd: ACTOR DELETE
[2018.07.17-19.00.42:063][269]LogEditorActor: Deleted Actor: StaticMeshActor
[2018.07.17-19.00.42:079][269]LogEditorActor: Deleted 1 Actors (0.020 secs)
[2018.07.17-19.00.53:404][248]LogSlate: FSceneViewport::OnFocusLost() reason 0
[2018.07.17-19.00.53:474][254]LogTemp: Repeating last play command: Selected Viewport
[2018.07.17-19.00.53:497][254]LogPlayLevel: PlayLevel: No blueprints needed recompiling
[2018.07.17-19.00.53:497][254]PIE: New page: PIE session: HenryP_CTFMap (Jul 17, 2018, 9:00:53 AM)
[2018.07.17-19.00.53:497][254]LogPlayLevel: Creating play world package: /Game/FirstPersonBP/Maps/UEDPIE_0_HenryP_CTFMap
[2018.07.17-19.00.53:506][254]LogPlayLevel: PIE: StaticDuplicateObject took: (0.008788s)
[2018.07.17-19.00.53:507][254]LogAIModule: Creating AISystem for world HenryP_CTFMap
[2018.07.17-19.00.53:507][254]LogPlayLevel: PIE: World Init took: (0.000981s)
[2018.07.17-19.00.53:507][254]LogPlayLevel: PIE: Created PIE world by copying editor world from /Game/FirstPersonBP/Maps/HenryP_CTFMap.HenryP_CTFMap to /Game/FirstPersonBP/Maps/UEDPIE_0_HenryP_CTFMap.HenryP_CTFMap (0.009924s)
[2018.07.17-19.00.53:520][254]LogInit: XAudio2 using 'Speakers (USB Audio Device)' : 2 channels at 48 kHz using 16 bits per sample (channel mask 0x3)
[2018.07.17-19.00.53:528][254]LogInit: FAudioDevice initialized.
[2018.07.17-19.00.53:560][254]LogLoad: Game class is 'FirstPersonGameMode_C'
[2018.07.17-19.00.53:565][254]LogWorld: Bringing World /Game/FirstPersonBP/Maps/UEDPIE_0_HenryP_CTFMap.HenryP_CTFMap up for play (max tick rate 0) at 2018.07.17-14.00.53
[2018.07.17-19.00.53:565][254]LogWorld: Bringing up level for play took: 0.003793
[2018.07.17-19.00.53:570][254]PIE: Play in editor start time for /Game/FirstPersonBP/Maps/UEDPIE_0_HenryP_CTFMap -0.417
[2018.07.17-19.01.46:610][752]LogSlate: FSceneViewport::OnFocusLost() reason 2
[2018.07.17-19.01.50:320][ 42]LogSlate: FSceneViewport::OnFocusLost() reason 2
[2018.07.17-19.01.50:344][ 42]LogSlate: Took 0.012296 seconds to synchronously load lazily loaded font '../../../Engine/Content/Slate/Fonts/DroidSansMono.ttf' (77K)
[2018.07.17-19.01.55:391][433]Cmd: death
[2018.07.17-19.02.02:235][944]Cmd: kill all
[2018.07.17-19.02.05:335][142]LogTemp: Repeating last play command: Selected Viewport
[2018.07.17-19.02.05:364][142]LogPlayLevel: PlayLevel: No blueprints needed recompiling
[2018.07.17-19.02.05:364][142]PIE: New page: PIE session: HenryP_CTFMap (Jul 17, 2018, 9:02:05 AM)
[2018.07.17-19.02.05:364][142]LogPlayLevel: Creating play world package: /Game/FirstPersonBP/Maps/UEDPIE_0_HenryP_CTFMap
[2018.07.17-19.02.05:378][142]LogPlayLevel: PIE: StaticDuplicateObject took: (0.014013s)
[2018.07.17-19.02.05:379][142]LogAIModule: Creating AISystem for world HenryP_CTFMap
[2018.07.17-19.02.05:380][142]LogPlayLevel: PIE: World Init took: (0.001361s)
[2018.07.17-19.02.05:380][142]LogPlayLevel: PIE: Created PIE world by copying editor world from /Game/FirstPersonBP/Maps/HenryP_CTFMap.HenryP_CTFMap to /Game/FirstPersonBP/Maps/UEDPIE_0_HenryP_CTFMap.HenryP_CTFMap (0.015610s)
[2018.07.17-19.02.05:393][142]LogInit: XAudio2 using 'Speakers (USB Audio Device)' : 2 channels at 48 kHz using 16 bits per sample (channel mask 0x3)
[2018.07.17-19.02.05:400][142]LogInit: FAudioDevice initialized.
[2018.07.17-19.02.05:432][142]LogLoad: Game class is 'FirstPersonGameMode_C'
[2018.07.17-19.02.05:436][142]LogWorld: Bringing World /Game/FirstPersonBP/Maps/UEDPIE_0_HenryP_CTFMap.HenryP_CTFMap up for play (max tick rate 0) at 2018.07.17-14.02.05
[2018.07.17-19.02.05:437][142]LogWorld: Bringing up level for play took: 0.004138
[2018.07.17-19.02.05:440][142]PIE: Play in editor start time for /Game/FirstPersonBP/Maps/UEDPIE_0_HenryP_CTFMap -0.547
[2018.07.17-19.02.10:634][584]Cmd: kill me
[2018.07.17-19.02.10:634][584]Command not recognized: kill me
[2018.07.17-19.02.10:634][584]LogSlate: FSceneViewport::OnFocusLost() reason 2
[2018.07.17-19.02.16:510][110]Cmd: kill player
[2018.07.17-19.02.16:510][110]Command not recognized: kill player
[2018.07.17-19.02.16:510][110]LogSlate: FSceneViewport::OnFocusLost() reason 2
[2018.07.17-19.02.19:510][379]Cmd: kill
[2018.07.17-19.02.19:510][379]Command not recognized: kill
[2018.07.17-19.02.19:510][379]LogSlate: FSceneViewport::OnFocusLost() reason 2
[2018.07.17-19.02.21:642][567]Cmd: death
[2018.07.17-19.02.21:643][567]Command not recognized: death
[2018.07.17-19.02.21:643][567]LogSlate: FSceneViewport::OnFocusLost() reason 2
[2018.07.17-19.02.28:928][156]LogSlate: New Slate User Created.  User Index 1, Is Virtual User: 0
[2018.07.17-19.02.28:928][156]LogSlate: Slate User Registered.  User Index 1, Is Virtual User: 0
[2018.07.17-19.02.28:933][156]LogSlate: FSceneViewport::OnFocusLost() reason 2
[2018.07.17-19.02.51:844][950]LogSlate: FSceneViewport::OnFocusLost() reason 0
[2018.07.17-19.02.51:913][956]LogTemp: Repeating last play command: Selected Viewport
[2018.07.17-19.02.51:936][956]LogPlayLevel: PlayLevel: No blueprints needed recompiling
[2018.07.17-19.02.51:936][956]PIE: New page: PIE session: HenryP_CTFMap (Jul 17, 2018, 9:02:51 AM)
[2018.07.17-19.02.51:936][956]LogPlayLevel: Creating play world package: /Game/FirstPersonBP/Maps/UEDPIE_0_HenryP_CTFMap
[2018.07.17-19.02.51:945][956]LogPlayLevel: PIE: StaticDuplicateObject took: (0.008926s)
[2018.07.17-19.02.51:946][956]LogAIModule: Creating AISystem for world HenryP_CTFMap
[2018.07.17-19.02.51:947][956]LogPlayLevel: PIE: World Init took: (0.001277s)
[2018.07.17-19.02.51:947][956]LogPlayLevel: PIE: Created PIE world by copying editor world from /Game/FirstPersonBP/Maps/HenryP_CTFMap.HenryP_CTFMap to /Game/FirstPersonBP/Maps/UEDPIE_0_HenryP_CTFMap.HenryP_CTFMap (0.010509s)
[2018.07.17-19.02.51:961][956]LogInit: XAudio2 using 'Speakers (USB Audio Device)' : 2 channels at 48 kHz using 16 bits per sample (channel mask 0x3)
[2018.07.17-19.02.51:968][956]LogInit: FAudioDevice initialized.
[2018.07.17-19.02.52:000][956]LogLoad: Game class is 'FirstPersonGameMode_C'
[2018.07.17-19.02.52:003][956]LogWorld: Bringing World /Game/FirstPersonBP/Maps/UEDPIE_0_HenryP_CTFMap.HenryP_CTFMap up for play (max tick rate 0) at 2018.07.17-14.02.52
[2018.07.17-19.02.52:004][956]LogWorld: Bringing up level for play took: 0.002956
[2018.07.17-19.02.52:007][956]PIE: Play in editor start time for /Game/FirstPersonBP/Maps/UEDPIE_0_HenryP_CTFMap 0.021
[2018.07.17-19.03.14:738][939]Cmd: CheatScript
[2018.07.17-19.03.14:738][939]LogCheatManager: Warning: Can't find section 'CheatScript.' in DefaultGame.ini
[2018.07.17-19.03.14:738][939]LogSlate: FSceneViewport::OnFocusLost() reason 2
[2018.07.17-19.04.02:421][597]LogSlate: FSceneViewport::OnFocusLost() reason 0
[2018.07.17-19.04.03:607][677]LogSlate: FSceneViewport::OnFocusLost() reason 0
[2018.07.17-19.04.06:225][920]LogEditorViewport: Clicking Background
[2018.07.17-19.04.13:313][690]Cmd: DELETE
[2018.07.17-19.04.13:313][690]Cmd: ACTOR DELETE
[2018.07.17-19.04.13:317][690]LogEditorActor: Deleted Actor: StaticMeshActor
[2018.07.17-19.04.13:317][690]LogEditorActor: Deleted Actor: StaticMeshActor
[2018.07.17-19.04.13:317][690]LogEditorActor: Deleted Actor: StaticMeshActor
[2018.07.17-19.04.13:318][690]LogEditorActor: Deleted Actor: StaticMeshActor
[2018.07.17-19.04.13:318][690]LogEditorActor: Deleted Actor: StaticMeshActor
[2018.07.17-19.04.13:318][690]LogEditorActor: Deleted Actor: StaticMeshActor
[2018.07.17-19.04.13:318][690]LogEditorActor: Deleted Actor: StaticMeshActor
[2018.07.17-19.04.13:318][690]LogEditorActor: Deleted Actor: StaticMeshActor
[2018.07.17-19.04.13:318][690]LogEditorActor: Deleted Actor: StaticMeshActor
[2018.07.17-19.04.13:318][690]LogEditorActor: Deleted Actor: RecastNavMesh
[2018.07.17-19.04.13:331][690]LogEditorActor: Deleted 10 Actors (0.018 secs)
[2018.07.17-19.04.15:069][850]Cmd: DELETE
[2018.07.17-19.04.15:069][850]Cmd: ACTOR DELETE
[2018.07.17-19.04.15:072][850]LogEditorActor: Deleted Actor: StaticMeshActor
[2018.07.17-19.04.15:073][850]LogEditorActor: Deleted Actor: StaticMeshActor
[2018.07.17-19.04.15:073][850]LogEditorActor: Deleted Actor: StaticMeshActor
[2018.07.17-19.04.15:073][850]LogEditorActor: Deleted Actor: StaticMeshActor
[2018.07.17-19.04.15:073][850]LogEditorActor: Deleted Actor: StaticMeshActor
[2018.07.17-19.04.15:073][850]LogEditorActor: Deleted Actor: StaticMeshActor
[2018.07.17-19.04.15:073][850]LogEditorActor: Deleted Actor: StaticMeshActor
[2018.07.17-19.04.15:073][850]LogEditorActor: Deleted Actor: StaticMeshActor
[2018.07.17-19.04.15:073][850]LogEditorActor: Deleted Actor: StaticMeshActor
[2018.07.17-19.04.15:087][850]LogEditorActor: Deleted 9 Actors (0.019 secs)
[2018.07.17-19.04.21:233][474]LogSlate: FSceneViewport::OnFocusLost() reason 0
[2018.07.17-19.04.22:866][583]LogSlate: FSceneViewport::OnFocusLost() reason 0
[2018.07.17-19.04.23:552][625]LogSlate: FSceneViewport::OnFocusLost() reason 2
[2018.07.17-19.04.24:204][675]LogEditorViewport: Clicking on Actor (context menu): StaticMeshActor (Floor102)
[2018.07.17-19.04.24:276][675]LogSlate: FSceneViewport::OnFocusLost() reason 2
[2018.07.17-19.04.25:173][724]LogSlate: FSceneViewport::OnFocusLost() reason 2
[2018.07.17-19.04.43:098][761]LogVSAccessor: Warning: Couldn't goto line number '1' in 'C:/Program Files/Epic Games/UE_4.19/Engine/Source/Runtime/Engine/Classes/Engine/StaticMeshActor.h'
[2018.07.17-19.04.47:779][776]LogSlate: FSceneViewport::OnFocusLost() reason 0
[2018.07.17-19.04.59:912][134]LogSlate: FSceneViewport::OnFocusLost() reason 2
[2018.07.17-19.05.00:328][150]LogSlate: FSceneViewport::OnFocusLost() reason 2
[2018.07.17-19.05.00:809][177]LogEditorViewport: Clicking Background
[2018.07.17-19.05.10:798][919]LogEditorViewport: Clicking on Actor (LMB): StaticMeshActor (Floor32)
[2018.07.17-19.05.12:013][  1]LogEditorViewport: Clicking Background
[2018.07.17-19.05.12:554][ 47]LogEditorViewport: Clicking on Actor (LMB): StaticMeshActor (Floor31)
[2018.07.17-19.05.13:617][122]Cmd: DELETE
[2018.07.17-19.05.13:617][122]Cmd: ACTOR DELETE
[2018.07.17-19.05.13:622][122]LogEditorActor: Deleted Actor: StaticMeshActor
[2018.07.17-19.05.13:641][122]LogEditorActor: Deleted 1 Actors (0.024 secs)
[2018.07.17-19.05.15:111][251]LogEditorViewport: Clicking on Actor (LMB): StaticMeshActor (Floor70)
[2018.07.17-19.05.15:148][251]Cmd: DELETE
[2018.07.17-19.05.15:148][251]Cmd: ACTOR DELETE
[2018.07.17-19.05.15:150][251]LogEditorActor: Deleted Actor: StaticMeshActor
[2018.07.17-19.05.15:162][251]LogEditorActor: Deleted 1 Actors (0.014 secs)
[2018.07.17-19.05.33:913][812]Cmd: TRANSACTION UNDO
[2018.07.17-19.05.33:913][812]LogEditorTransaction: Undo Delete Actors
[2018.07.17-19.05.34:450][835]Cmd: TRANSACTION UNDO
[2018.07.17-19.05.34:450][835]LogEditorTransaction: Undo Clicking on Actors
[2018.07.17-19.05.37:878][101]Cmd: TRANSACTION UNDO
[2018.07.17-19.05.37:878][101]LogEditorTransaction: Undo Delete Actors
[2018.07.17-19.05.40:349][240]LogSlate: FSceneViewport::OnFocusLost() reason 0
[2018.07.17-19.06.13:249][482]LogSlate: FSceneViewport::OnFocusLost() reason 0
[2018.07.17-19.06.19:568][947]LogSlate: FSceneViewport::OnFocusLost() reason 0
[2018.07.17-19.06.20:460][  2]Cmd: BRUSH SUBTRACT SELECTNEWBRUSH
[2018.07.17-19.06.59:206][779]LogEditorViewport: Clicking on Actor (LMB): StaticMeshActor (Floor31)
[2018.07.17-19.07.03:187][ 80]LogEditorViewport: Clicking on Actor (LMB): NavMeshBoundsVolume (NavMeshBoundsVolume)
[2018.07.17-19.07.04:666][180]LogEditorViewport: Clicking Background
[2018.07.17-19.07.08:116][460]LogSlate: FSceneViewport::OnFocusLost() reason 0
[2018.07.17-19.07.09:131][531]Cmd: BRUSH SUBTRACT SELECTNEWBRUSH
[2018.07.17-19.07.10:275][611]LogEditorViewport: Clicking on Actor (LMB): Brush (Box Brush2)
[2018.07.17-19.07.41:708][944]LogSlate: FSceneViewport::OnFocusLost() reason 0
[2018.07.17-19.07.45:161][203]LogSlate: FSceneViewport::OnFocusLost() reason 0
[2018.07.17-19.07.49:619][541]Cmd: TRANSACTION UNDO
[2018.07.17-19.07.49:619][541]LogEditorTransaction: Undo Move Actors
[2018.07.17-19.07.50:388][591]Cmd: TRANSACTION UNDO
[2018.07.17-19.07.50:389][591]LogEditorTransaction: Undo Move Actors
[2018.07.17-19.07.50:888][628]Cmd: TRANSACTION UNDO
[2018.07.17-19.07.50:888][628]LogEditorTransaction: Undo Edit Hollow
[2018.07.17-19.07.51:320][657]Cmd: TRANSACTION UNDO
[2018.07.17-19.07.51:321][657]LogEditorTransaction: Undo Move Actors
[2018.07.17-19.07.51:735][685]Cmd: TRANSACTION UNDO
[2018.07.17-19.07.51:735][685]LogEditorTransaction: Undo Edit Hollow
[2018.07.17-19.07.52:221][719]Cmd: TRANSACTION UNDO
[2018.07.17-19.07.52:221][719]LogEditorTransaction: Undo Move Actors
[2018.07.17-19.07.52:739][755]Cmd: TRANSACTION UNDO
[2018.07.17-19.07.52:740][755]LogEditorTransaction: Undo Move Actors
[2018.07.17-19.07.53:157][783]Cmd: TRANSACTION UNDO
[2018.07.17-19.07.53:157][783]LogEditorTransaction: Undo Move Actors
[2018.07.17-19.07.53:591][811]Cmd: TRANSACTION UNDO
[2018.07.17-19.07.53:591][811]LogEditorTransaction: Undo Move Actors
[2018.07.17-19.07.54:004][840]Cmd: TRANSACTION UNDO
[2018.07.17-19.07.54:005][840]LogEditorTransaction: Undo Move Actors
[2018.07.17-19.07.54:442][872]Cmd: TRANSACTION UNDO
[2018.07.17-19.07.54:442][872]LogEditorTransaction: Undo Move Actors
[2018.07.17-19.07.57:330][ 82]Cmd: DELETE
[2018.07.17-19.07.57:330][ 82]Cmd: ACTOR DELETE
[2018.07.17-19.07.57:337][ 82]LogEditorActor: Deleted Actor: Brush
[2018.07.17-19.07.57:354][ 82]LogEditorActor: Deleted 1 Actors (0.023 secs)
[2018.07.17-19.08.14:017][282]LogSlate: FSceneViewport::OnFocusLost() reason 0
[2018.07.17-19.08.25:551][973]LogEditorViewport: Clicking on Actor (LMB): NavMeshBoundsVolume (NavMeshBoundsVolume)
[2018.07.17-19.08.32:001][354]LogSlate: FSceneViewport::OnFocusLost() reason 0
[2018.07.17-19.08.32:254][360]LogSavePackage: Save=99.30ms
[2018.07.17-19.08.32:254][360]LogSavePackage: Moving '../../../../../../Users/iD Student/Desktop/Henry P/ManDown/ManDown/Saved/HenryP_CTFMap8E83208E4905A7FFC6ADD4BE70151B30.tmp' to '../../../../../../Users/iD Student/Desktop/Henry P/ManDown/ManDown/Content/FirstPersonBP/Maps/HenryP_CTFMap.umap'
[2018.07.17-19.08.32:259][360]LogSavePackage: Display: Finished SavePackage ../../../../../../Users/iD Student/Desktop/Henry P/ManDown/ManDown/Content/FirstPersonBP/Maps/HenryP_CTFMap.umap
[2018.07.17-19.08.32:331][360]LogSavePackage: Save=14.07ms
[2018.07.17-19.08.32:332][360]LogSavePackage: Moving '../../../../../../Users/iD Student/Desktop/Henry P/ManDown/ManDown/Saved/HenryP_CTFMap_BuiltDataD6C00A6F47B2A434DA0F4CA624218871.tmp' to '../../../../../../Users/iD Student/Desktop/Henry P/ManDown/ManDown/Content/FirstPersonBP/Maps/HenryP_CTFMap_BuiltData.uasset'
[2018.07.17-19.08.32:333][360]LogSavePackage: Display: Finished SavePackage ../../../../../../Users/iD Student/Desktop/Henry P/ManDown/ManDown/Content/FirstPersonBP/Maps/HenryP_CTFMap_BuiltData.uasset
[2018.07.17-19.08.47:636][259]LogSlate: FSceneViewport::OnFocusLost() reason 0
[2018.07.17-19.08.47:806][264]LogSlate: Window 'ManDown - Unreal Editor' being destroyed
[2018.07.17-19.08.47:807][264]LogWindowsTextInputMethodSystem: Display: IME system now deactivated.
[2018.07.17-19.08.48:095][265]Cmd: QUIT_EDITOR
[2018.07.17-19.08.48:242][265]LogSlate: Slate User Destroyed.  User Index 0, Is Virtual User: 0
[2018.07.17-19.08.48:242][265]LogSlate: Slate User Destroyed.  User Index 1, Is Virtual User: 0
[2018.07.17-19.08.48:242][265]LogExit: Preparing to exit.
[2018.07.17-19.08.49:188][265]LogDirectoryWatcher: A directory notification for 'C:/Users/iD Student/Desktop/Henry P/ManDown/ManDown/Content/' was aborted.
[2018.07.17-19.08.49:239][265]LogExit: Editor shut down
[2018.07.17-19.08.49:246][265]LogExit: Transaction tracking system shut down
[2018.07.17-19.08.49:392][265]LogDirectoryWatcher: A directory notification for '../../../Engine/Content/' was aborted.
[2018.07.17-19.08.49:392][265]LogDirectoryWatcher: A directory notification for '../../../../../../Users/iD Student/Desktop/Henry P/ManDown/ManDown/Content/' was aborted.
[2018.07.17-19.08.49:392][265]LogDirectoryWatcher: A directory notification for '../../Plugins/2D/Paper2D/Content/' was aborted.
[2018.07.17-19.08.49:392][265]LogDirectoryWatcher: A directory notification for '../../Plugins/Enterprise/DatasmithContent/Content/' was aborted.
[2018.07.17-19.08.49:392][265]LogDirectoryWatcher: A directory notification for '../../Plugins/Media/MediaCompositing/Content/' was aborted.
[2018.07.17-19.08.49:392][265]LogDirectoryWatcher: A directory notification for '../../Plugins/Runtime/AppleARKit/Content/' was aborted.
[2018.07.17-19.08.49:392][265]LogDirectoryWatcher: A directory notification for '../../Plugins/Runtime/Oculus/OculusVR/Content/' was aborted.
[2018.07.17-19.08.49:392][265]LogDirectoryWatcher: A directory notification for '../../Plugins/Runtime/Steam/SteamVR/Content/' was aborted.
[2018.07.17-19.08.49:480][265]LogExit: Object subsystem successfully closed.
[2018.07.17-19.08.49:506][265]LogShaderCompilers: Display: Shaders left to compile 0
[2018.07.17-19.08.49:511][265]LogD3D11RHI: Shutdown
[2018.07.17-19.08.49:511][265]LogD3D11RHI: CleanupD3DDevice
[2018.07.17-19.08.49:519][265]LogD3D11RHI: ~FD3D11DynamicRHI
[2018.07.17-19.08.49:544][265]LogModuleManager: Shutting down and abandoning module MovieSceneCapture (576)
[2018.07.17-19.08.49:544][265]LogModuleManager: Shutting down and abandoning module HierarchicalLODOutliner (574)
[2018.07.17-19.08.49:544][265]LogModuleManager: Shutting down and abandoning module SceneOutliner (572)
[2018.07.17-19.08.49:544][265]LogModuleManager: Shutting down and abandoning module AddContentDialog (570)
[2018.07.17-19.08.49:544][265]LogDirectoryWatcher: A directory notification for 'C:/Program Files/Epic Games/UE_4.19/FeaturePacks/' was aborted.
[2018.07.17-19.08.49:545][265]LogModuleManager: Shutting down and abandoning module WidgetCarousel (569)
[2018.07.17-19.08.49:545][265]LogModuleManager: Shutting down and abandoning module EditorWidgets (566)
[2018.07.17-19.08.49:545][265]LogModuleManager: Shutting down and abandoning module CollectionManager (564)
[2018.07.17-19.08.49:545][265]LogDirectoryWatcher: A directory notification for 'C:/Users/iD Student/Desktop/Henry P/ManDown/ManDown/Content/Collections/' was aborted.
[2018.07.17-19.08.49:546][265]LogDirectoryWatcher: A directory notification for 'C:/Users/iD Student/Desktop/Henry P/ManDown/ManDown/Content/Developers/iDStudent/Collections/' was aborted.
[2018.07.17-19.08.49:546][265]LogDirectoryWatcher: A directory notification for 'C:/Users/iD Student/Desktop/Henry P/ManDown/ManDown/Saved/Collections/' was aborted.
[2018.07.17-19.08.49:546][265]LogModuleManager: Shutting down and abandoning module StatsViewer (562)
[2018.07.17-19.08.49:546][265]LogModuleManager: Shutting down and abandoning module FoliageEdit (560)
[2018.07.17-19.08.49:546][265]LogModuleManager: Shutting down and abandoning module LandscapeEditor (558)
[2018.07.17-19.08.49:546][265]LogModuleManager: Shutting down and abandoning module MeshPaintMode (556)
[2018.07.17-19.08.49:546][265]LogModuleManager: Shutting down and abandoning module SceneDepthPickerMode (554)
[2018.07.17-19.08.49:546][265]LogModuleManager: Shutting down and abandoning module ActorPickerMode (552)
[2018.07.17-19.08.49:546][265]LogModuleManager: Shutting down and abandoning module GeometryMode (550)
[2018.07.17-19.08.49:546][265]LogModuleManager: Shutting down and abandoning module TextureAlignMode (548)
[2018.07.17-19.08.49:546][265]LogModuleManager: Shutting down and abandoning module BspMode (546)
[2018.07.17-19.08.49:546][265]LogModuleManager: Shutting down and abandoning module PIEPreviewDeviceProfileSelector (544)
[2018.07.17-19.08.49:546][265]LogModuleManager: Shutting down and abandoning module HardwareSurvey (542)
[2018.07.17-19.08.49:546][265]LogModuleManager: Shutting down and abandoning module SequenceRecorderSections (540)
[2018.07.17-19.08.49:546][265]LogModuleManager: Shutting down and abandoning module AutomationWorker (538)
[2018.07.17-19.08.49:546][265]LogModuleManager: Shutting down and abandoning module AudioCaptureEditor (536)
[2018.07.17-19.08.49:546][265]LogModuleManager: Shutting down and abandoning module SequenceRecorder (535)
[2018.07.17-19.08.49:546][265]LogModuleManager: Shutting down and abandoning module MatineeToLevelSequence (532)
[2018.07.17-19.08.49:546][265]LogModuleManager: Shutting down and abandoning module LevelSequenceEditor (530)
[2018.07.17-19.08.49:546][265]LogModuleManager: Shutting down and abandoning module PlacementMode (529)
[2018.07.17-19.08.49:547][265]LogModuleManager: Shutting down and abandoning module MaterialEditor (528)
[2018.07.17-19.08.49:547][265]LogModuleManager: Shutting down and abandoning module WmfMediaFactory (524)
[2018.07.17-19.08.49:547][265]LogModuleManager: Shutting down and abandoning module WmfMediaEditor (522)
[2018.07.17-19.08.49:547][265]LogModuleManager: Shutting down and abandoning module MediaPlayerEditor (520)
[2018.07.17-19.08.49:547][265]LogModuleManager: Shutting down and abandoning module OpenExrWrapper (518)
[2018.07.17-19.08.49:547][265]LogModuleManager: Shutting down and abandoning module ImgMediaFactory (516)
[2018.07.17-19.08.49:547][265]LogModuleManager: Shutting down and abandoning module ImgMediaEditor (514)
[2018.07.17-19.08.49:548][265]LogModuleManager: Shutting down and abandoning module AvfMediaFactory (512)
[2018.07.17-19.08.49:548][265]LogModuleManager: Shutting down and abandoning module AvfMediaEditor (510)
[2018.07.17-19.08.49:548][265]LogModuleManager: Shutting down and abandoning module AndroidMediaFactory (508)
[2018.07.17-19.08.49:548][265]LogModuleManager: Shutting down and abandoning module AndroidMediaEditor (506)
[2018.07.17-19.08.49:548][265]LogModuleManager: Shutting down and abandoning module CharacterAI (504)
[2018.07.17-19.08.49:548][265]LogModuleManager: Shutting down and abandoning module SmartSnapping (502)
[2018.07.17-19.08.49:548][265]LogModuleManager: Shutting down and abandoning module SessionServices (500)
[2018.07.17-19.08.49:548][265]LogModuleManager: Shutting down and abandoning module ViewportSnapping (498)
[2018.07.17-19.08.49:548][265]LogModuleManager: Shutting down and abandoning module ViewportInteraction (496)
[2018.07.17-19.08.49:548][265]LogModuleManager: Shutting down and abandoning module ClothPainter (494)
[2018.07.17-19.08.49:548][265]LogModuleManager: Shutting down and abandoning module SkeletalMeshEditor (493)
[2018.07.17-19.08.49:548][265]LogModuleManager: Shutting down and abandoning module LogVisualizer (490)
[2018.07.17-19.08.49:548][265]LogModuleManager: Shutting down and abandoning module IntroTutorials (488)
[2018.07.17-19.08.49:549][265]LogModuleManager: Shutting down and abandoning module GameProjectGeneration (487)
[2018.07.17-19.08.49:549][265]LogModuleManager: Shutting down and abandoning module IOSPlatformEditor (484)
[2018.07.17-19.08.49:549][265]LogModuleManager: Shutting down and abandoning module HTML5PlatformEditor (482)
[2018.07.17-19.08.49:549][265]LogModuleManager: Shutting down and abandoning module AndroidPlatformEditor (480)
[2018.07.17-19.08.49:549][265]LogModuleManager: Shutting down and abandoning module AndroidDeviceDetection (479)
[2018.07.17-19.08.49:880][265]LogModuleManager: Shutting down and abandoning module WindowsPlatformEditor (476)
[2018.07.17-19.08.49:880][265]LogModuleManager: Shutting down and abandoning module IOSRuntimeSettings (474)
[2018.07.17-19.08.49:880][265]LogModuleManager: Shutting down and abandoning module AndroidRuntimeSettings (472)
[2018.07.17-19.08.49:880][265]LogModuleManager: Shutting down and abandoning module InputBindingEditor (470)
[2018.07.17-19.08.49:881][265]LogModuleManager: Shutting down and abandoning module MergeActors (468)
[2018.07.17-19.08.49:881][265]LogModuleManager: Shutting down and abandoning module LocalizationDashboard (466)
[2018.07.17-19.08.49:881][265]LogModuleManager: Shutting down and abandoning module LocalizationService (465)
[2018.07.17-19.08.49:881][265]LogModuleManager: Shutting down and abandoning module HardwareTargeting (462)
[2018.07.17-19.08.49:881][265]LogModuleManager: Shutting down and abandoning module DeviceProfileEditor (460)
[2018.07.17-19.08.49:881][265]LogModuleManager: Shutting down and abandoning module UndoHistory (458)
[2018.07.17-19.08.49:881][265]LogModuleManager: Shutting down and abandoning module XmlParser (456)
[2018.07.17-19.08.49:881][265]LogModuleManager: Shutting down and abandoning module Blutility (454)
[2018.07.17-19.08.49:881][265]LogModuleManager: Shutting down and abandoning module ProjectSettingsViewer (452)
[2018.07.17-19.08.49:882][265]LogModuleManager: Shutting down and abandoning module ProjectTargetPlatformEditor (451)
[2018.07.17-19.08.49:882][265]LogModuleManager: Shutting down and abandoning module EditorSettingsViewer (448)
[2018.07.17-19.08.49:883][265]LogModuleManager: Shutting down and abandoning module SettingsEditor (446)
[2018.07.17-19.08.49:883][265]LogModuleManager: Shutting down and abandoning module ProjectLauncher (444)
[2018.07.17-19.08.49:883][265]LogModuleManager: Shutting down and abandoning module SessionFrontend (442)
[2018.07.17-19.08.49:883][265]LogModuleManager: Shutting down and abandoning module ProfilerClient (440)
[2018.07.17-19.08.49:883][265]LogModuleManager: Shutting down and abandoning module DeviceManager (438)
[2018.07.17-19.08.49:883][265]LogModuleManager: Shutting down and abandoning module TargetDeviceServices (437)
[2018.07.17-19.08.49:946][265]LogModuleManager: Shutting down and abandoning module AutomationController (434)
[2018.07.17-19.08.49:946][265]LogModuleManager: Shutting down and abandoning module AutomationWindow (432)
[2018.07.17-19.08.49:946][265]LogModuleManager: Shutting down and abandoning module Layers (430)
[2018.07.17-19.08.49:946][265]LogModuleManager: Shutting down and abandoning module ComponentVisualizers (428)
[2018.07.17-19.08.49:946][265]LogModuleManager: Shutting down and abandoning module DetailCustomizations (426)
[2018.07.17-19.08.49:946][265]LogModuleManager: Shutting down and abandoning module PackagesDialog (424)
[2018.07.17-19.08.49:947][265]LogModuleManager: Shutting down and abandoning module Persona (422)
[2018.07.17-19.08.49:947][265]LogModuleManager: Shutting down and abandoning module AdvancedPreviewScene (421)
[2018.07.17-19.08.49:947][265]LogModuleManager: Shutting down and abandoning module AnimGraph (419)
[2018.07.17-19.08.49:947][265]LogModuleManager: Shutting down and abandoning module Kismet (416)
[2018.07.17-19.08.49:949][265]LogModuleManager: Shutting down and abandoning module GraphEditor (414)
[2018.07.17-19.08.49:950][265]LogModuleManager: Shutting down and abandoning module ClassViewer (412)
[2018.07.17-19.08.49:950][265]LogModuleManager: Shutting down and abandoning module Toolbox (410)
[2018.07.17-19.08.49:950][265]LogModuleManager: Shutting down and abandoning module ModuleUI (408)
[2018.07.17-19.08.49:950][265]LogModuleManager: Shutting down and abandoning module MovieSceneTools (406)
[2018.07.17-19.08.49:950][265]LogModuleManager: Shutting down and abandoning module OutputLog (404)
[2018.07.17-19.08.49:950][265]LogModuleManager: Shutting down and abandoning module GammaUI (402)
[2018.07.17-19.08.49:951][265]LogModuleManager: Shutting down and abandoning module Documentation (400)
[2018.07.17-19.08.49:951][265]LogModuleManager: Shutting down and abandoning module MovieSceneTracks (398)
[2018.07.17-19.08.49:951][265]LogModuleManager: Shutting down and abandoning module MovieScene (396)
[2018.07.17-19.08.49:951][265]LogModuleManager: Shutting down and abandoning module StreamingPauseRendering (394)
[2018.07.17-19.08.49:951][265]LogModuleManager: Shutting down and abandoning module LauncherPlatform (392)
[2018.07.17-19.08.49:951][265]LogModuleManager: Shutting down and abandoning module AnalyticsET (390)
[2018.07.17-19.08.49:951][265]LogModuleManager: Shutting down and abandoning module PortalServices (388)
[2018.07.17-19.08.49:951][265]LogModuleManager: Shutting down and abandoning module PortalRpc (386)
[2018.07.17-19.08.49:951][265]LogModuleManager: Shutting down and abandoning module MessagingRpc (384)
[2018.07.17-19.08.49:951][265]LogModuleManager: Shutting down and abandoning module AIModule (382)
[2018.07.17-19.08.49:951][265]LogModuleManager: Shutting down and abandoning module GameplayDebugger (381)
[2018.07.17-19.08.49:951][265]LogModuleManager: Shutting down and abandoning module AITestSuite (379)
[2018.07.17-19.08.49:952][265]LogModuleManager: Shutting down and abandoning module DesktopPlatform (376)
[2018.07.17-19.08.49:952][265]LogModuleManager: Shutting down and abandoning module ProfilerService (374)
[2018.07.17-19.08.50:045][265]LogModuleManager: Shutting down and abandoning module TaskGraph (372)
[2018.07.17-19.08.50:046][265]LogModuleManager: Shutting down and abandoning module SteamVRController (370)
[2018.07.17-19.08.50:046][265]LogModuleManager: Shutting down and abandoning module ProceduralMeshComponentEditor (368)
[2018.07.17-19.08.50:046][265]LogModuleManager: Shutting down and abandoning module ProceduralMeshComponent (366)
[2018.07.17-19.08.50:046][265]LogModuleManager: Shutting down and abandoning module OculusInput (364)
[2018.07.17-19.08.50:046][265]LogModuleManager: Shutting down and abandoning module MobilePatchingUtils (362)
[2018.07.17-19.08.50:046][265]LogModuleManager: Shutting down and abandoning module CustomMeshComponent (360)
[2018.07.17-19.08.50:046][265]LogModuleManager: Shutting down and abandoning module CableComponent (358)
[2018.07.17-19.08.50:046][265]LogModuleManager: Shutting down and abandoning module AudioCapture (356)
[2018.07.17-19.08.50:046][265]LogModuleManager: Shutting down and abandoning module ArchVisCharacter (354)
[2018.07.17-19.08.50:046][265]LogModuleManager: Shutting down and abandoning module AndroidPermission (352)
[2018.07.17-19.08.50:046][265]LogModuleManager: Shutting down and abandoning module NUTUnrealEngine4 (348)
[2018.07.17-19.08.50:046][265]LogModuleManager: Shutting down and abandoning module NetcodeUnitTest (346)
[2018.07.17-19.08.50:046][265]LogModuleManager: Shutting down and abandoning module MediaCompositingEditor (344)
[2018.07.17-19.08.50:046][265]LogModuleManager: Shutting down and abandoning module MediaCompositing (342)
[2018.07.17-19.08.50:046][265]LogModuleManager: Shutting down and abandoning module LinearTimecode (340)
[2018.07.17-19.08.50:046][265]LogModuleManager: Shutting down and abandoning module ImgMedia (338)
[2018.07.17-19.08.50:056][265]LogModuleManager: Shutting down and abandoning module HTML5Networking (336)
[2018.07.17-19.08.50:056][265]LogModuleManager: Shutting down and abandoning module AlembicImporter (334)
[2018.07.17-19.08.50:056][265]LogModuleManager: Shutting down and abandoning module AlembicLibrary (333)
[2018.07.17-19.08.50:056][265]LogModuleManager: Shutting down and abandoning module GeometryCache (332)
[2018.07.17-19.08.50:056][265]LogModuleManager: Shutting down and abandoning module GeometryCacheEd (331)
[2018.07.17-19.08.50:056][265]LogModuleManager: Shutting down and abandoning module DatasmithContent (326)
[2018.07.17-19.08.50:056][265]LogModuleManager: Shutting down and abandoning module SpeedTreeImporter (324)
[2018.07.17-19.08.50:056][265]LogModuleManager: Shutting down and abandoning module PluginBrowser (322)
[2018.07.17-19.08.50:056][265]LogModuleManager: Shutting down and abandoning module MobileLauncherProfileWizard (320)
[2018.07.17-19.08.50:056][265]LogModuleManager: Shutting down and abandoning module CryptoKeysOpenSSL (318)
[2018.07.17-19.08.50:056][265]LogModuleManager: Shutting down and abandoning module CryptoKeys (316)
[2018.07.17-19.08.50:056][265]LogModuleManager: Shutting down and abandoning module VisualStudioSourceCodeAccess (314)
[2018.07.17-19.08.50:056][265]LogModuleManager: Shutting down and abandoning module VisualStudioCodeSourceCodeAccess (312)
[2018.07.17-19.08.50:056][265]LogModuleManager: Shutting down and abandoning module UObjectPlugin (310)
[2018.07.17-19.08.50:056][265]LogModuleManager: Shutting down and abandoning module SubversionSourceControl (308)
[2018.07.17-19.08.50:057][265]LogModuleManager: Shutting down and abandoning module PerforceSourceControl (306)
[2018.07.17-19.08.50:057][265]LogModuleManager: Shutting down and abandoning module GitSourceControl (304)
[2018.07.17-19.08.50:057][265]LogModuleManager: Shutting down and abandoning module SourceControl (303)
[2018.07.17-19.08.50:057][265]LogModuleManager: Shutting down and abandoning module CLionSourceCodeAccess (300)
[2018.07.17-19.08.50:057][265]LogModuleManager: Shutting down and abandoning module LightPropagationVolumeEditor (298)
[2018.07.17-19.08.50:057][265]LogModuleManager: Shutting down and abandoning module PaperTiledImporter (296)
[2018.07.17-19.08.50:057][265]LogModuleManager: Shutting down and abandoning module PaperSpriteSheetImporter (294)
[2018.07.17-19.08.50:057][265]LogModuleManager: Shutting down and abandoning module Paper2DEditor (292)
[2018.07.17-19.08.50:057][265]LogModuleManager: Shutting down and abandoning module MeshPaint (291)
[2018.07.17-19.08.50:057][265]LogModuleManager: Shutting down and abandoning module RuntimePhysXCooking (288)
[2018.07.17-19.08.50:057][265]LogModuleManager: Shutting down and abandoning module PhysXVehiclesEditor (286)
[2018.07.17-19.08.50:057][265]LogModuleManager: Shutting down and abandoning module PhysXVehicles (284)
[2018.07.17-19.08.50:057][265]LogModuleManager: Shutting down and abandoning module OculusEditor (282)
[2018.07.17-19.08.50:057][265]LogModuleManager: Shutting down and abandoning module LocationServicesBPLibrary (280)
[2018.07.17-19.08.50:057][265]LogModuleManager: Shutting down and abandoning module ImmediatePhysicsEditor (278)
[2018.07.17-19.08.50:057][265]LogModuleManager: Shutting down and abandoning module ImmediatePhysics (276)
[2018.07.17-19.08.50:058][265]LogModuleManager: Shutting down and abandoning module ActorSequence (274)
[2018.07.17-19.08.50:058][265]LogModuleManager: Shutting down and abandoning module UdpMessaging (272)
[2018.07.17-19.08.50:158][265]LogModuleManager: Shutting down and abandoning module TcpMessaging (270)
[2018.07.17-19.08.50:259][265]LogModuleManager: Shutting down and abandoning module GameplayTagsEditor (268)
[2018.07.17-19.08.50:259][265]LogModuleManager: Shutting down and abandoning module FacialAnimationEditor (266)
[2018.07.17-19.08.50:259][265]LogModuleManager: Shutting down and abandoning module FacialAnimation (264)
[2018.07.17-19.08.50:259][265]LogModuleManager: Shutting down and abandoning module DataValidation (262)
[2018.07.17-19.08.50:259][265]LogModuleManager: Shutting down and abandoning module AssetManagerEditor (260)
[2018.07.17-19.08.50:259][265]LogModuleManager: Shutting down and abandoning module LevelEditor (259)
[2018.07.17-19.08.50:262][265]LogModuleManager: Shutting down and abandoning module PixelInspectorModule (258)
[2018.07.17-19.08.50:262][265]LogModuleManager: Shutting down and abandoning module CommonMenuExtensions (256)
[2018.07.17-19.08.50:263][265]LogModuleManager: Shutting down and abandoning module MainFrame (254)
[2018.07.17-19.08.50:263][265]LogModuleManager: Shutting down and abandoning module HotReload (253)
[2018.07.17-19.08.50:264][265]LogModuleManager: Shutting down and abandoning module ContentBrowser (249)
[2018.07.17-19.08.50:269][265]LogModuleManager: Shutting down and abandoning module TreeMap (247)
[2018.07.17-19.08.50:269][265]LogModuleManager: Shutting down and abandoning module LightPropagationVolumeRuntime (244)
[2018.07.17-19.08.50:270][265]LogModuleManager: Shutting down and abandoning module LiveLinkEditor (242)
[2018.07.17-19.08.50:270][265]LogModuleManager: Shutting down and abandoning module LiveLink (240)
[2018.07.17-19.08.50:590][265]LogModuleManager: Shutting down and abandoning module Paper2D (238)
[2018.07.17-19.08.50:590][265]LogModuleManager: Shutting down and abandoning module WindowsMoviePlayer (236)
[2018.07.17-19.08.50:590][265]LogModuleManager: Shutting down and abandoning module WmfMedia (234)
[2018.07.17-19.08.50:594][265]LogModuleManager: Shutting down and abandoning module Media (233)
[2018.07.17-19.08.50:602][265]LogModuleManager: Shutting down and abandoning module PacketHandler (230)
[2018.07.17-19.08.50:602][265]LogModuleManager: Shutting down and abandoning module ClothingSystemEditor (228)
[2018.07.17-19.08.50:602][265]LogModuleManager: Shutting down and abandoning module ClothingSystemRuntime (226)
[2018.07.17-19.08.50:602][265]LogModuleManager: Shutting down and abandoning module MediaAssets (224)
[2018.07.17-19.08.50:602][265]LogModuleManager: Shutting down and abandoning module Overlay (222)
[2018.07.17-19.08.50:602][265]LogModuleManager: Shutting down and abandoning module OverlayEditor (221)
[2018.07.17-19.08.50:602][265]LogModuleManager: Shutting down and abandoning module VREditor (218)
[2018.07.17-19.08.50:602][265]LogModuleManager: Shutting down and abandoning module StringTableEditor (216)
[2018.07.17-19.08.50:603][265]LogModuleManager: Shutting down and abandoning module GameplayTasksEditor (214)
[2018.07.17-19.08.50:603][265]LogModuleManager: Shutting down and abandoning module BehaviorTreeEditor (212)
[2018.07.17-19.08.50:603][265]LogModuleManager: Shutting down and abandoning module FunctionalTesting (210)
[2018.07.17-19.08.50:603][265]LogModuleManager: Shutting down and abandoning module CollisionAnalyzer (208)
[2018.07.17-19.08.50:603][265]LogModuleManager: Shutting down and abandoning module WorkspaceMenuStructure (207)
[2018.07.17-19.08.50:603][265]LogModuleManager: Shutting down and abandoning module UMG (204)
[2018.07.17-19.08.50:603][265]LogModuleManager: Shutting down and abandoning module UMGEditor (203)
[2018.07.17-19.08.50:603][265]LogModuleManager: Shutting down and abandoning module Sequencer (202)
[2018.07.17-19.08.50:604][265]LogModuleManager: Shutting down and abandoning module MessageLog (199)
[2018.07.17-19.08.50:604][265]LogModuleManager: Shutting down and abandoning module SlateReflector (194)
[2018.07.17-19.08.50:604][265]LogModuleManager: Shutting down and abandoning module Slate (192)
[2018.07.17-19.08.50:604][265]LogModuleManager: Shutting down and abandoning module EditorStyle (190)
[2018.07.17-19.08.50:609][265]LogModuleManager: Shutting down and abandoning module MRMesh (188)
[2018.07.17-19.08.50:609][265]LogModuleManager: Shutting down and abandoning module SourceCodeAccess (186)
[2018.07.17-19.08.50:610][265]LogModuleManager: Shutting down and abandoning module HeadMountedDisplay (184)
[2018.07.17-19.08.50:610][265]LogModuleManager: Shutting down and abandoning module XAudio2 (182)
[2018.07.17-19.08.50:610][265]LogModuleManager: Shutting down and abandoning module Networking (180)
[2018.07.17-19.08.50:610][265]LogModuleManager: Shutting down and abandoning module Core (178)
[2018.07.17-19.08.50:610][265]LogModuleManager: Shutting down and abandoning module LevelSequence (176)
[2018.07.17-19.08.50:610][265]LogModuleManager: Shutting down and abandoning module KismetCompiler (174)
[2018.07.17-19.08.50:610][265]LogModuleManager: Shutting down and abandoning module MeshUtilities (172)
[2018.07.17-19.08.50:610][265]LogModuleManager: Shutting down and abandoning module MeshMergeUtilities (171)
[2018.07.17-19.08.50:610][265]LogModuleManager: Shutting down and abandoning module MeshReductionInterface (170)
[2018.07.17-19.08.50:610][265]LogModuleManager: Shutting down and abandoning module SimplygonSwarm (169)
[2018.07.17-19.08.50:610][265]LogModuleManager: Shutting down and abandoning module SimplygonMeshReduction (167)
[2018.07.17-19.08.50:610][265]LogModuleManager: Shutting down and abandoning module QuadricMeshReduction (165)
[2018.07.17-19.08.50:610][265]LogModuleManager: Shutting down and abandoning module MaterialBaking (161)
[2018.07.17-19.08.50:611][265]LogModuleManager: Shutting down and abandoning module DirectoryWatcher (157)
[2018.07.17-19.08.50:613][265]LogModuleManager: Shutting down and abandoning module DerivedDataCache (154)
[2018.07.17-19.08.50:652][265]LogDerivedDataCache: Shutdown
[2018.07.17-19.08.50:653][265]LogModuleManager: Shutting down and abandoning module XGEController (152)
[2018.07.17-19.08.50:653][265]LogXGEController: Cleaning working directory: C:/Users/iD Student/AppData/Local/Temp/UnrealXGEWorkingDir/
[2018.07.17-19.08.50:653][265]LogModuleManager: Shutting down and abandoning module TargetPlatform (150)
[2018.07.17-19.08.50:653][265]LogModuleManager: Shutting down and abandoning module VulkanShaderFormat (149)
[2018.07.17-19.08.50:653][265]LogModuleManager: Shutting down and abandoning module ShaderFormatVectorVM (147)
[2018.07.17-19.08.50:653][265]LogModuleManager: Shutting down and abandoning module ShaderFormatOpenGL (145)
[2018.07.17-19.08.50:653][265]LogModuleManager: Shutting down and abandoning module ShaderFormatD3D (143)
[2018.07.17-19.08.50:653][265]LogModuleManager: Shutting down and abandoning module MetalShaderFormat (141)
[2018.07.17-19.08.50:653][265]LogModuleManager: Shutting down and abandoning module TextureFormatUncompressed (139)
[2018.07.17-19.08.50:653][265]LogModuleManager: Shutting down and abandoning module TextureFormatPVR (137)
[2018.07.17-19.08.50:653][265]LogModuleManager: Shutting down and abandoning module TextureFormatDXT (135)
[2018.07.17-19.08.50:653][265]LogModuleManager: Shutting down and abandoning module TextureFormatIntelISPCTexComp (133)
[2018.07.17-19.08.50:654][265]LogModuleManager: Shutting down and abandoning module TextureFormatASTC (131)
[2018.07.17-19.08.50:654][265]LogModuleManager: Shutting down and abandoning module ImageWrapper (130)
[2018.07.17-19.08.50:654][265]LogModuleManager: Shutting down and abandoning module TextureFormatAndroid (127)
[2018.07.17-19.08.50:654][265]LogModuleManager: Shutting down and abandoning module AudioFormatOpus (125)
[2018.07.17-19.08.50:654][265]LogModuleManager: Shutting down and abandoning module AudioFormatOgg (123)
[2018.07.17-19.08.50:654][265]LogModuleManager: Shutting down and abandoning module AudioFormatADPCM (121)
[2018.07.17-19.08.50:654][265]LogModuleManager: Shutting down and abandoning module LinuxTargetPlatform (119)
[2018.07.17-19.08.50:654][265]LogModuleManager: Shutting down and abandoning module LinuxServerTargetPlatform (117)
[2018.07.17-19.08.50:654][265]LogModuleManager: Shutting down and abandoning module LinuxNoEditorTargetPlatform (115)
[2018.07.17-19.08.50:654][265]LogModuleManager: Shutting down and abandoning module LinuxClientTargetPlatform (113)
[2018.07.17-19.08.50:654][265]LogModuleManager: Shutting down and abandoning module TVOSTargetPlatform (111)
[2018.07.17-19.08.50:654][265]LogModuleManager: Shutting down and abandoning module Messaging (109)
[2018.07.17-19.08.50:654][265]LogModuleManager: Shutting down and abandoning module IOSTargetPlatform (107)
[2018.07.17-19.08.50:654][265]LogModuleManager: Shutting down and abandoning module HTML5TargetPlatform (105)
[2018.07.17-19.08.50:654][265]LogModuleManager: Shutting down and abandoning module AndroidTargetPlatform (103)
[2018.07.17-19.08.50:654][265]LogModuleManager: Shutting down and abandoning module Android_PVRTCTargetPlatform (101)
[2018.07.17-19.08.50:654][265]LogModuleManager: Shutting down and abandoning module Android_MultiTargetPlatform (99)
[2018.07.17-19.08.50:654][265]LogModuleManager: Shutting down and abandoning module Android_ETC2TargetPlatform (97)
[2018.07.17-19.08.50:654][265]LogModuleManager: Shutting down and abandoning module Android_ETC1TargetPlatform (95)
[2018.07.17-19.08.50:655][265]LogModuleManager: Shutting down and abandoning module Android_ETC1aTargetPlatform (93)
[2018.07.17-19.08.50:655][265]LogModuleManager: Shutting down and abandoning module Android_DXTTargetPlatform (91)
[2018.07.17-19.08.50:655][265]LogModuleManager: Shutting down and abandoning module Android_ATCTargetPlatform (89)
[2018.07.17-19.08.50:655][265]LogModuleManager: Shutting down and abandoning module Android_ASTCTargetPlatform (87)
[2018.07.17-19.08.50:655][265]LogModuleManager: Shutting down and abandoning module WindowsTargetPlatform (85)
[2018.07.17-19.08.50:655][265]LogModuleManager: Shutting down and abandoning module WindowsServerTargetPlatform (83)
[2018.07.17-19.08.50:655][265]LogModuleManager: Shutting down and abandoning module WindowsNoEditorTargetPlatform (81)
[2018.07.17-19.08.50:655][265]LogModuleManager: Shutting down and abandoning module WindowsClientTargetPlatform (79)
[2018.07.17-19.08.50:655][265]LogModuleManager: Shutting down and abandoning module MacTargetPlatform (77)
[2018.07.17-19.08.50:655][265]LogModuleManager: Shutting down and abandoning module MacServerTargetPlatform (75)
[2018.07.17-19.08.50:655][265]LogModuleManager: Shutting down and abandoning module MacNoEditorTargetPlatform (73)
[2018.07.17-19.08.50:655][265]LogModuleManager: Shutting down and abandoning module MacClientTargetPlatform (71)
[2018.07.17-19.08.50:655][265]LogModuleManager: Shutting down and abandoning module AllDesktopTargetPlatform (69)
[2018.07.17-19.08.50:655][265]LogModuleManager: Shutting down and abandoning module InputCore (66)
[2018.07.17-19.08.50:655][265]LogModuleManager: Shutting down and abandoning module Settings (64)
[2018.07.17-19.08.50:656][265]LogModuleManager: Shutting down and abandoning module PhysXCooking (62)
[2018.07.17-19.08.50:656][265]LogModuleManager: Shutting down and abandoning module SteamVR (60)
[2018.07.17-19.08.50:656][265]LogModuleManager: Shutting down and abandoning module OculusHMD (58)
[2018.07.17-19.08.50:656][265]LogModuleManager: Shutting down and abandoning module ExampleDeviceProfileSelector (56)
[2018.07.17-19.08.50:656][265]LogModuleManager: Shutting down and abandoning module AppleARKit (54)
[2018.07.17-19.08.50:656][265]LogModuleManager: Shutting down and abandoning module AugmentedReality (51)
[2018.07.17-19.08.50:656][265]LogModuleManager: Shutting down and abandoning module OnlineBlueprintSupport (48)
[2018.07.17-19.08.50:656][265]LogModuleManager: Shutting down and abandoning module OnlineSubsystem (44)
[2018.07.17-19.08.50:656][265]LogModuleManager: Shutting down and abandoning module XMPP (43)
[2018.07.17-19.08.50:656][265]LogModuleManager: Shutting down and abandoning module HTTP (41)
[2018.07.17-19.08.50:656][265]LogHttp: Display: Http module shutting down, but needs to wait on 1 outstanding Http requests:
[2018.07.17-19.08.50:656][265]LogHttp: Display: 	verb=[POST] url=[https://datarouter.ol.epicgames.com/datarouter/api/v1/public/data?SessionID=%7B808987AF-46C7-C544-C01B-46B08D947EC4%7D&AppID=UEEditor.Rocket.Release&AppVersion=4.19.1-3989454%2B%2B%2BUE4%2BRelease-4.19&UserID=2b8560fe495d6d5110e231ad8bbbd15d%7Cae45317d1e524dd3b11580d4211f23c4%7C1d3f1c36-a3f6-4dac-b938-2a082149bab2&AppEnvironment=datacollector-binary&UploadType=eteventstream] status=Processing
[2018.07.17-19.08.50:689][265]LogModuleManager: Shutting down and abandoning module SSL (40)
[2018.07.17-19.08.50:691][265]LogModuleManager: Shutting down and abandoning module AnimationModifiers (36)
[2018.07.17-19.08.50:691][265]LogModuleManager: Shutting down and abandoning module PropertyEditor (35)
[2018.07.17-19.08.50:691][265]LogModuleManager: Shutting down and abandoning module AudioEditor (32)
[2018.07.17-19.08.50:691][265]LogModuleManager: Shutting down and abandoning module TextureCompressor (30)
[2018.07.17-19.08.50:692][265]LogModuleManager: Shutting down and abandoning module ShaderCore (28)
[2018.07.17-19.08.50:692][265]LogModuleManager: Shutting down and abandoning module Landscape (26)
[2018.07.17-19.08.50:692][265]LogModuleManager: Shutting down and abandoning module SlateRHIRenderer (24)
[2018.07.17-19.08.50:693][265]LogModuleManager: Shutting down and abandoning module OpenGLDrv (22)
[2018.07.17-19.08.50:693][265]LogModuleManager: Shutting down and abandoning module D3D11RHI (20)
[2018.07.17-19.08.50:694][265]LogModuleManager: Shutting down and abandoning module AnimGraphRuntime (18)
[2018.07.17-19.08.50:694][265]LogModuleManager: Shutting down and abandoning module Renderer (16)
[2018.07.17-19.08.50:694][265]LogModuleManager: Shutting down and abandoning module Engine (14)
[2018.07.17-19.08.50:694][265]LogModuleManager: Shutting down and abandoning module CoreUObject (12)
[2018.07.17-19.08.50:694][265]LogModuleManager: Shutting down and abandoning module NetworkFile (10)
[2018.07.17-19.08.50:694][265]LogModuleManager: Shutting down and abandoning module CookedIterativeFile (8)
[2018.07.17-19.08.50:694][265]LogModuleManager: Shutting down and abandoning module StreamingFile (6)
[2018.07.17-19.08.50:694][265]LogModuleManager: Shutting down and abandoning module SandboxFile (4)
[2018.07.17-19.08.50:694][265]LogModuleManager: Shutting down and abandoning module PakFile (2)
[2018.07.17-19.08.50:708][265]LogExit: Exiting.
[2018.07.17-19.08.50:740][265]Log file closed, 07/17/18 14:08:50
